#
# A fatal error has been detected by the Java Runtime Environment:
#
#  SIGBUS (0xa) at pc=0x0000000105284558, pid=16232, tid=18179
#
# JRE version: Java(TM) SE Runtime Environment (10.0.1+10) (build 10.0.1+10)
# Java VM: Java HotSpot(TM) 64-Bit Server VM (10.0.1+10, mixed mode, tiered, compressed oops, g1 gc, bsd-amd64)
# Problematic frame:
# V  [libjvm.dylib+0x284558]  ConstantPool::impl_name_and_type_ref_index_at(int, bool)+0x1c
#
# No core dump will be written. Core dumps have been disabled. To enable core dumping, try "ulimit -c unlimited" before starting Java again
#
# If you would like to submit a bug report, please visit:
#   http://bugreport.java.com/bugreport/crash.jsp
#

---------------  S U M M A R Y ------------

Command Line: -agentlib:jdwp=transport=dt_socket,address=127.0.0.1:55069,suspend=y,server=n -javaagent:/Users/jiayaohuang/Library/Caches/IdeaIC2018.1/captureAgent/debugger-agent.jar=file:/private/var/folders/5k/5wfvn6c97v30yndsk3krymlh0000gn/T/capture.props -Dfile.encoding=UTF-8 hw2.Percolation

Host: MacBook10,1 x86_64 1200 MHz, 4 cores, 8G, Darwin 17.3.0
Time: Sun Jun 24 20:23:22 2018 PDT elapsed time: 1805 seconds (0d 0h 30m 5s)

---------------  T H R E A D  ---------------

Current thread (0x00007ffbd286e800):  VMThread "VM Thread" [stack: 0x000070000a54c000,0x000070000a64c000] [id=18179]

Stack: [0x000070000a54c000,0x000070000a64c000],  sp=0x000070000a64b1b0,  free space=1020k
Native frames: (J=compiled Java code, A=aot compiled Java code, j=interpreted, Vv=VM code, C=native code)
V  [libjvm.dylib+0x284558]  ConstantPool::impl_name_and_type_ref_index_at(int, bool)+0x1c
V  [libjvm.dylib+0x2845ad]  ConstantPool::impl_signature_ref_at(int, bool)+0x11
V  [libjvm.dylib+0x382d58]  GenerateOopMap::do_method(int, int, int, int)+0x40
V  [libjvm.dylib+0x3816eb]  GenerateOopMap::interp_bb(BasicBlock*)+0x105
V  [libjvm.dylib+0x381401]  GenerateOopMap::interp_all()+0x53
V  [libjvm.dylib+0x3810e7]  GenerateOopMap::do_interpretation()+0x4b
V  [libjvm.dylib+0x3835b1]  GenerateOopMap::compute_map(Thread*)+0x16b
V  [libjvm.dylib+0x62b7d8]  OopMapForCacheEntry::compute_map(Thread*)+0x60
V  [libjvm.dylib+0x62c0c4]  OopMapCacheEntry::fill(methodHandle const&, int)+0xac
V  [libjvm.dylib+0x62ca8c]  OopMapCache::compute_one_oop_map(methodHandle const&, int, InterpreterOopMap*)+0x11a
V  [libjvm.dylib+0x5f1155]  Method::mask_for(int, InterpreterOopMap*)+0x7f
V  [libjvm.dylib+0x4dda69]  VM_GetOrSetLocal::doit()+0x47
V  [libjvm.dylib+0x7a38d9]  VM_Operation::evaluate()+0xf1
V  [libjvm.dylib+0x7a2dc2]  VMThread::evaluate_operation(VM_Operation*)+0xd4
V  [libjvm.dylib+0x7a2a76]  VMThread::loop()+0x340
V  [libjvm.dylib+0x7a2649]  VMThread::run()+0x75
V  [libjvm.dylib+0x633a5f]  thread_native_entry(Thread*)+0x12b
C  [libsystem_pthread.dylib+0x36c1]  _pthread_body+0x154
C  [libsystem_pthread.dylib+0x356d]  _pthread_body+0x0
C  [libsystem_pthread.dylib+0x2c5d]  thread_start+0xd


siginfo: si_signo: 10 (SIGBUS), si_code: 2 (BUS_ADRERR), si_addr: 0x0000000127fb6f48

Register to memory mapping:

RAX=0x0000000127e22ce0 is pointing into metadata
RBX=0x0000000127e21208 is pointing into metadata
RCX=0x0000000000194240 is an unknown value
RDX=0x0000000000000000 is an unknown value
RSP=0x000070000a64b1b0 is an unknown value
RBP=0x000070000a64b1b0 is an unknown value
RSI=0x000000000000ca12 is an unknown value
RDI=0x0000000127e21208 is pointing into metadata
R8 =0x00000000000000e0 is an unknown value
R9 =0x0000000000000007 is an unknown value
R10=0x00007ffbd150ea08 is an unknown value
R11=0xfffffffffec74d10 is an unknown value
R12=0x000070000a64b670 is an unknown value
R13=0x000070000a64b828 is an unknown value
R14=0x0000000000000000 is an unknown value
R15=0x00000000000000e0 is an unknown value


Registers:
RAX=0x0000000127e22ce0, RBX=0x0000000127e21208, RCX=0x0000000000194240, RDX=0x0000000000000000
RSP=0x000070000a64b1b0, RBP=0x000070000a64b1b0, RSI=0x000000000000ca12, RDI=0x0000000127e21208
R8 =0x00000000000000e0, R9 =0x0000000000000007, R10=0x00007ffbd150ea08, R11=0xfffffffffec74d10
R12=0x000070000a64b670, R13=0x000070000a64b828, R14=0x0000000000000000, R15=0x00000000000000e0
RIP=0x0000000105284558, EFLAGS=0x0000000000010202, ERR=0x0000000000000004
  TRAPNO=0x000000000000000e

Top of Stack: (sp=0x000070000a64b1b0)
0x000070000a64b1b0:   000070000a64b1d0 00000001052845ad
0x000070000a64b1c0:   0000000127e22480 000070000a64b828
0x000070000a64b1d0:   000070000a64b660 0000000105382d58
0x000070000a64b1e0:   000000010595ce40 00000001281a3410
0x000070000a64b1f0:   0000000000000003 000070000000000c
0x000070000a64b200:   000070000a64b210 0000000000000001
0x000070000a64b210:   2fffffff2fffffff 000000002fffffff
0x000070000a64b220:   0000000000000000 0000000000000001
0x000070000a64b230:   0000000000000000 0000000000000003
0x000070000a64b240:   000000000000002d 0000000000000000
0x000070000a64b250:   0000000000000000 0000000000000000
0x000070000a64b260:   000070000a64b290 0000000000000000
0x000070000a64b270:   0000000000000000 0000000000000001
0x000070000a64b280:   0000000000000000 000070000a64b618
0x000070000a64b290:   000070000a64b2a0 0000000000000000
0x000070000a64b2a0:   0000000105817c7a 0000000000000008
0x000070000a64b2b0:   000070000a64b44f 0000000000000001
0x000070000a64b2c0:   000070000a64b750 0000000105382e98
0x000070000a64b2d0:   000000010595ce40 00000001281a36c0
0x000070000a64b2e0:   0000000000000014 0000000000000004
0x000070000a64b2f0:   000070000a64b300 0000000000000002
0x000070000a64b300:   4fffffff4fffffff 000000002fffffff
0x000070000a64b310:   0000000000000000 0000000000000000
0x000070000a64b320:   0000000000000000 0000000000000000
0x000070000a64b330:   0000000000000000 0000000105817c84
0x000070000a64b340:   0000000000000000 0000000000000000
0x000070000a64b350:   000000000000002d 000070000a64b910
0x000070000a64b360:   ffffffffffffffff 0000000300000000
0x000070000a64b370:   000070000a64b44f 00007fffb327b6b8
0x000070000a64b380:   0000000000000000 0000000000580000
0x000070000a64b390:   000070000a64b3e0 00007fff7a2c0aa7
0x000070000a64b3a0:   000070000a64b4f0 0000000000000000 

Instructions: (pc=0x0000000105284558)
0x0000000105284538:   c7 40 5d c3 55 48 89 e5 84 d2 75 1e 48 8b 47 10
0x0000000105284548:   48 85 c0 74 15 85 f6 78 30 48 63 ce 48 c1 e1 05
0x0000000105284558:   48 8b 44 08 28 0f b7 f0 eb 11 48 8b 4f 08 48 63
0x0000000105284568:   c6 0f b6 4c 01 04 83 f9 12 74 03 48 63 c6 48 8d 

VM_Operation (0x000070000ae639b8): GetOrSetLocal, mode: safepoint, requested by thread 0x00007ffbd2897000


---------------  P R O C E S S  ---------------

Threads class SMR info:
_java_thread_list=0x00007ffbd1656bd0, length=13, elements={
0x00007ffbd1809800, 0x00007ffbd3015800, 0x00007ffbd1815800, 0x00007ffbd1821800,
0x00007ffbd203c800, 0x00007ffbd286f000, 0x00007ffbd2870000, 0x00007ffbd2061000,
0x00007ffbd2897000, 0x00007ffbd2015800, 0x00007ffbd1818800, 0x00007ffbd195a000,
0x00007ffbd1975000
}

Java Threads: ( => current thread )
  0x00007ffbd1809800 JavaThread "main" [_thread_blocked, id=6659, stack(0x0000000105da0000,0x0000000105ea0000)]
  0x00007ffbd3015800 JavaThread "Reference Handler" daemon [_thread_blocked, id=17923, stack(0x000070000a64f000,0x000070000a74f000)]
  0x00007ffbd1815800 JavaThread "Finalizer" daemon [_thread_blocked, id=17155, stack(0x000070000a752000,0x000070000a852000)]
  0x00007ffbd1821800 JavaThread "Signal Dispatcher" daemon [_thread_blocked, id=22531, stack(0x000070000a855000,0x000070000a955000)]
  0x00007ffbd203c800 JavaThread "C2 CompilerThread0" daemon [_thread_blocked, id=42243, stack(0x000070000a958000,0x000070000aa58000)]
  0x00007ffbd286f000 JavaThread "C2 CompilerThread1" daemon [_thread_blocked, id=22787, stack(0x000070000aa5b000,0x000070000ab5b000)]
  0x00007ffbd2870000 JavaThread "C1 CompilerThread2" daemon [_thread_blocked, id=23555, stack(0x000070000ab5e000,0x000070000ac5e000)]
  0x00007ffbd2061000 JavaThread "Sweeper thread" daemon [_thread_blocked, id=41219, stack(0x000070000ac61000,0x000070000ad61000)]
  0x00007ffbd2897000 JavaThread "JDWP Transport Listener: dt_socket" daemon [_thread_blocked, id=40707, stack(0x000070000ad64000,0x000070000ae64000)] _threads_hazard_ptr=0x00007ffbd1656bd0
  0x00007ffbd2015800 JavaThread "JDWP Event Helper Thread" daemon [_thread_blocked, id=24579, stack(0x000070000ae67000,0x000070000af67000)]
  0x00007ffbd1818800 JavaThread "JDWP Command Reader" daemon [_thread_in_native, id=25091, stack(0x000070000af6a000,0x000070000b06a000)]
  0x00007ffbd195a000 JavaThread "Common-Cleaner" daemon [_thread_blocked, id=39939, stack(0x000070000b06d000,0x000070000b16d000)]
  0x00007ffbd1975000 JavaThread "Service Thread" daemon [_thread_blocked, id=39683, stack(0x000070000b170000,0x000070000b270000)]

Other Threads:
=>0x00007ffbd286e800 VMThread "VM Thread" [stack: 0x000070000a54c000,0x000070000a64c000] [id=18179]
  0x00007ffbd203d800 WatcherThread [stack: 0x000070000b273000,0x000070000b373000] [id=26371]
  0x00007ffbd2011800 GCTaskThread "GC Thread#0" [stack: 0x0000700009a2b000,0x0000700009b2b000] [id=21507]
  0x00007ffbd2003000 GCTaskThread "GC Thread#1" [stack: 0x0000700009b2e000,0x0000700009c2e000] [id=12035]
  0x00007ffbd1812000 GCTaskThread "GC Thread#2" [stack: 0x0000700009c31000,0x0000700009d31000] [id=12291]
  0x00007ffbd3006800 GCTaskThread "GC Thread#3" [stack: 0x0000700009d34000,0x0000700009e34000] [id=20995]
  0x00007ffbd2829000 ConcurrentGCThread "G1 Main Marker" [stack: 0x0000700009e37000,0x0000700009f37000] [id=20483]
  0x00007ffbd282a000 ConcurrentGCThread "G1 Conc#0" [stack: 0x0000700009f3a000,0x000070000a03a000] [id=19715]
  0x00007ffbd286a800 ConcurrentGCThread "G1 Refine#0" [stack: 0x000070000a03d000,0x000070000a13d000] [id=13315]
  0x00007ffbd2004000 ConcurrentGCThread "G1 Refine#1" [stack: 0x000070000a140000,0x000070000a240000] [id=19203]
  0x00007ffbd3007000 ConcurrentGCThread "G1 Refine#2" [stack: 0x000070000a243000,0x000070000a343000] [id=13571]
  0x00007ffbd3008000 ConcurrentGCThread "G1 Refine#3" [stack: 0x000070000a346000,0x000070000a446000] [id=18691]
  0x00007ffbd1813000 ConcurrentGCThread "G1 Young RemSet Sampling" [stack: 0x000070000a449000,0x000070000a549000] [id=14083]

Threads with active compile tasks:

VM state:at safepoint (normal execution)

VM Mutex/Monitor currently owned by a thread:  ([mutex/lock_event])
[0x00007ffbd1503780] Threads_lock - owner thread: 0x00007ffbd286e800

Heap address: 0x0000000740000000, size: 2048 MB, Compressed Oops mode: Zero based, Oop shift amount: 3
Narrow klass base: 0x0000000000000000, Narrow klass shift: 3
Compressed class space size: 1073741824 Address: 0x00000007c0000000

Heap:
 garbage-first heap   total 131072K, used 2048K [0x0000000740000000, 0x00000007c0000000)
  region size 1024K, 3 young (3072K), 0 survivors (0K)
 Metaspace       used 5160K, capacity 5232K, committed 5376K, reserved 1056768K
  class space    used 429K, capacity 464K, committed 512K, reserved 1048576K
Heap Regions: E=young(eden), S=young(survivor), O=old, HS=humongous(starts), HC=humongous(continues), CS=collection set, F=free, A=archive, TS=gc time stamp, AC=allocation context, TAMS=top-at-mark-start (previous, next)
|   0|0x0000000740000000, 0x0000000740000000, 0x0000000740100000|  0%| F|  |TS  0|AC  0|TAMS 0x0000000740000000, 0x0000000740000000|
|   1|0x0000000740100000, 0x0000000740100000, 0x0000000740200000|  0%| F|  |TS  0|AC  0|TAMS 0x0000000740100000, 0x0000000740100000|
|   2|0x0000000740200000, 0x0000000740200000, 0x0000000740300000|  0%| F|  |TS  0|AC  0|TAMS 0x0000000740200000, 0x0000000740200000|
|   3|0x0000000740300000, 0x0000000740300000, 0x0000000740400000|  0%| F|  |TS  0|AC  0|TAMS 0x0000000740300000, 0x0000000740300000|
|   4|0x0000000740400000, 0x0000000740400000, 0x0000000740500000|  0%| F|  |TS  0|AC  0|TAMS 0x0000000740400000, 0x0000000740400000|
|   5|0x0000000740500000, 0x0000000740500000, 0x0000000740600000|  0%| F|  |TS  0|AC  0|TAMS 0x0000000740500000, 0x0000000740500000|
|   6|0x0000000740600000, 0x0000000740600000, 0x0000000740700000|  0%| F|  |TS  0|AC  0|TAMS 0x0000000740600000, 0x0000000740600000|
|   7|0x0000000740700000, 0x0000000740700000, 0x0000000740800000|  0%| F|  |TS  0|AC  0|TAMS 0x0000000740700000, 0x0000000740700000|
|   8|0x0000000740800000, 0x0000000740800000, 0x0000000740900000|  0%| F|  |TS  0|AC  0|TAMS 0x0000000740800000, 0x0000000740800000|
|   9|0x0000000740900000, 0x0000000740900000, 0x0000000740a00000|  0%| F|  |TS  0|AC  0|TAMS 0x0000000740900000, 0x0000000740900000|
|  10|0x0000000740a00000, 0x0000000740a00000, 0x0000000740b00000|  0%| F|  |TS  0|AC  0|TAMS 0x0000000740a00000, 0x0000000740a00000|
|  11|0x0000000740b00000, 0x0000000740b00000, 0x0000000740c00000|  0%| F|  |TS  0|AC  0|TAMS 0x0000000740b00000, 0x0000000740b00000|
|  12|0x0000000740c00000, 0x0000000740c00000, 0x0000000740d00000|  0%| F|  |TS  0|AC  0|TAMS 0x0000000740c00000, 0x0000000740c00000|
|  13|0x0000000740d00000, 0x0000000740d00000, 0x0000000740e00000|  0%| F|  |TS  0|AC  0|TAMS 0x0000000740d00000, 0x0000000740d00000|
|  14|0x0000000740e00000, 0x0000000740e00000, 0x0000000740f00000|  0%| F|  |TS  0|AC  0|TAMS 0x0000000740e00000, 0x0000000740e00000|
|  15|0x0000000740f00000, 0x0000000740f00000, 0x0000000741000000|  0%| F|  |TS  0|AC  0|TAMS 0x0000000740f00000, 0x0000000740f00000|
|  16|0x0000000741000000, 0x0000000741000000, 0x0000000741100000|  0%| F|  |TS  0|AC  0|TAMS 0x0000000741000000, 0x0000000741000000|
|  17|0x0000000741100000, 0x0000000741100000, 0x0000000741200000|  0%| F|  |TS  0|AC  0|TAMS 0x0000000741100000, 0x0000000741100000|
|  18|0x0000000741200000, 0x0000000741200000, 0x0000000741300000|  0%| F|  |TS  0|AC  0|TAMS 0x0000000741200000, 0x0000000741200000|
|  19|0x0000000741300000, 0x0000000741300000, 0x0000000741400000|  0%| F|  |TS  0|AC  0|TAMS 0x0000000741300000, 0x0000000741300000|
|  20|0x0000000741400000, 0x0000000741400000, 0x0000000741500000|  0%| F|  |TS  0|AC  0|TAMS 0x0000000741400000, 0x0000000741400000|
|  21|0x0000000741500000, 0x0000000741500000, 0x0000000741600000|  0%| F|  |TS  0|AC  0|TAMS 0x0000000741500000, 0x0000000741500000|
|  22|0x0000000741600000, 0x0000000741600000, 0x0000000741700000|  0%| F|  |TS  0|AC  0|TAMS 0x0000000741600000, 0x0000000741600000|
|  23|0x0000000741700000, 0x0000000741700000, 0x0000000741800000|  0%| F|  |TS  0|AC  0|TAMS 0x0000000741700000, 0x0000000741700000|
|  24|0x0000000741800000, 0x0000000741800000, 0x0000000741900000|  0%| F|  |TS  0|AC  0|TAMS 0x0000000741800000, 0x0000000741800000|
|  25|0x0000000741900000, 0x0000000741900000, 0x0000000741a00000|  0%| F|  |TS  0|AC  0|TAMS 0x0000000741900000, 0x0000000741900000|
|  26|0x0000000741a00000, 0x0000000741a00000, 0x0000000741b00000|  0%| F|  |TS  0|AC  0|TAMS 0x0000000741a00000, 0x0000000741a00000|
|  27|0x0000000741b00000, 0x0000000741b00000, 0x0000000741c00000|  0%| F|  |TS  0|AC  0|TAMS 0x0000000741b00000, 0x0000000741b00000|
|  28|0x0000000741c00000, 0x0000000741c00000, 0x0000000741d00000|  0%| F|  |TS  0|AC  0|TAMS 0x0000000741c00000, 0x0000000741c00000|
|  29|0x0000000741d00000, 0x0000000741d00000, 0x0000000741e00000|  0%| F|  |TS  0|AC  0|TAMS 0x0000000741d00000, 0x0000000741d00000|
|  30|0x0000000741e00000, 0x0000000741e00000, 0x0000000741f00000|  0%| F|  |TS  0|AC  0|TAMS 0x0000000741e00000, 0x0000000741e00000|
|  31|0x0000000741f00000, 0x0000000741f00000, 0x0000000742000000|  0%| F|  |TS  0|AC  0|TAMS 0x0000000741f00000, 0x0000000741f00000|
|  32|0x0000000742000000, 0x0000000742000000, 0x0000000742100000|  0%| F|  |TS  0|AC  0|TAMS 0x0000000742000000, 0x0000000742000000|
|  33|0x0000000742100000, 0x0000000742100000, 0x0000000742200000|  0%| F|  |TS  0|AC  0|TAMS 0x0000000742100000, 0x0000000742100000|
|  34|0x0000000742200000, 0x0000000742200000, 0x0000000742300000|  0%| F|  |TS  0|AC  0|TAMS 0x0000000742200000, 0x0000000742200000|
|  35|0x0000000742300000, 0x0000000742300000, 0x0000000742400000|  0%| F|  |TS  0|AC  0|TAMS 0x0000000742300000, 0x0000000742300000|
|  36|0x0000000742400000, 0x0000000742400000, 0x0000000742500000|  0%| F|  |TS  0|AC  0|TAMS 0x0000000742400000, 0x0000000742400000|
|  37|0x0000000742500000, 0x0000000742500000, 0x0000000742600000|  0%| F|  |TS  0|AC  0|TAMS 0x0000000742500000, 0x0000000742500000|
|  38|0x0000000742600000, 0x0000000742600000, 0x0000000742700000|  0%| F|  |TS  0|AC  0|TAMS 0x0000000742600000, 0x0000000742600000|
|  39|0x0000000742700000, 0x0000000742700000, 0x0000000742800000|  0%| F|  |TS  0|AC  0|TAMS 0x0000000742700000, 0x0000000742700000|
|  40|0x0000000742800000, 0x0000000742800000, 0x0000000742900000|  0%| F|  |TS  0|AC  0|TAMS 0x0000000742800000, 0x0000000742800000|
|  41|0x0000000742900000, 0x0000000742900000, 0x0000000742a00000|  0%| F|  |TS  0|AC  0|TAMS 0x0000000742900000, 0x0000000742900000|
|  42|0x0000000742a00000, 0x0000000742a00000, 0x0000000742b00000|  0%| F|  |TS  0|AC  0|TAMS 0x0000000742a00000, 0x0000000742a00000|
|  43|0x0000000742b00000, 0x0000000742b00000, 0x0000000742c00000|  0%| F|  |TS  0|AC  0|TAMS 0x0000000742b00000, 0x0000000742b00000|
|  44|0x0000000742c00000, 0x0000000742c00000, 0x0000000742d00000|  0%| F|  |TS  0|AC  0|TAMS 0x0000000742c00000, 0x0000000742c00000|
|  45|0x0000000742d00000, 0x0000000742d00000, 0x0000000742e00000|  0%| F|  |TS  0|AC  0|TAMS 0x0000000742d00000, 0x0000000742d00000|
|  46|0x0000000742e00000, 0x0000000742e00000, 0x0000000742f00000|  0%| F|  |TS  0|AC  0|TAMS 0x0000000742e00000, 0x0000000742e00000|
|  47|0x0000000742f00000, 0x0000000742f00000, 0x0000000743000000|  0%| F|  |TS  0|AC  0|TAMS 0x0000000742f00000, 0x0000000742f00000|
|  48|0x0000000743000000, 0x0000000743000000, 0x0000000743100000|  0%| F|  |TS  0|AC  0|TAMS 0x0000000743000000, 0x0000000743000000|
|  49|0x0000000743100000, 0x0000000743100000, 0x0000000743200000|  0%| F|  |TS  0|AC  0|TAMS 0x0000000743100000, 0x0000000743100000|
|  50|0x0000000743200000, 0x0000000743200000, 0x0000000743300000|  0%| F|  |TS  0|AC  0|TAMS 0x0000000743200000, 0x0000000743200000|
|  51|0x0000000743300000, 0x0000000743300000, 0x0000000743400000|  0%| F|  |TS  0|AC  0|TAMS 0x0000000743300000, 0x0000000743300000|
|  52|0x0000000743400000, 0x0000000743400000, 0x0000000743500000|  0%| F|  |TS  0|AC  0|TAMS 0x0000000743400000, 0x0000000743400000|
|  53|0x0000000743500000, 0x0000000743500000, 0x0000000743600000|  0%| F|  |TS  0|AC  0|TAMS 0x0000000743500000, 0x0000000743500000|
|  54|0x0000000743600000, 0x0000000743600000, 0x0000000743700000|  0%| F|  |TS  0|AC  0|TAMS 0x0000000743600000, 0x0000000743600000|
|  55|0x0000000743700000, 0x0000000743700000, 0x0000000743800000|  0%| F|  |TS  0|AC  0|TAMS 0x0000000743700000, 0x0000000743700000|
|  56|0x0000000743800000, 0x0000000743800000, 0x0000000743900000|  0%| F|  |TS  0|AC  0|TAMS 0x0000000743800000, 0x0000000743800000|
|  57|0x0000000743900000, 0x0000000743900000, 0x0000000743a00000|  0%| F|  |TS  0|AC  0|TAMS 0x0000000743900000, 0x0000000743900000|
|  58|0x0000000743a00000, 0x0000000743a00000, 0x0000000743b00000|  0%| F|  |TS  0|AC  0|TAMS 0x0000000743a00000, 0x0000000743a00000|
|  59|0x0000000743b00000, 0x0000000743b00000, 0x0000000743c00000|  0%| F|  |TS  0|AC  0|TAMS 0x0000000743b00000, 0x0000000743b00000|
|  60|0x0000000743c00000, 0x0000000743c00000, 0x0000000743d00000|  0%| F|  |TS  0|AC  0|TAMS 0x0000000743c00000, 0x0000000743c00000|
|  61|0x0000000743d00000, 0x0000000743d00000, 0x0000000743e00000|  0%| F|  |TS  0|AC  0|TAMS 0x0000000743d00000, 0x0000000743d00000|
|  62|0x0000000743e00000, 0x0000000743e00000, 0x0000000743f00000|  0%| F|  |TS  0|AC  0|TAMS 0x0000000743e00000, 0x0000000743e00000|
|  63|0x0000000743f00000, 0x0000000743f00000, 0x0000000744000000|  0%| F|  |TS  0|AC  0|TAMS 0x0000000743f00000, 0x0000000743f00000|
|  64|0x0000000744000000, 0x0000000744000000, 0x0000000744100000|  0%| F|  |TS  0|AC  0|TAMS 0x0000000744000000, 0x0000000744000000|
|  65|0x0000000744100000, 0x0000000744100000, 0x0000000744200000|  0%| F|  |TS  0|AC  0|TAMS 0x0000000744100000, 0x0000000744100000|
|  66|0x0000000744200000, 0x0000000744200000, 0x0000000744300000|  0%| F|  |TS  0|AC  0|TAMS 0x0000000744200000, 0x0000000744200000|
|  67|0x0000000744300000, 0x0000000744300000, 0x0000000744400000|  0%| F|  |TS  0|AC  0|TAMS 0x0000000744300000, 0x0000000744300000|
|  68|0x0000000744400000, 0x0000000744400000, 0x0000000744500000|  0%| F|  |TS  0|AC  0|TAMS 0x0000000744400000, 0x0000000744400000|
|  69|0x0000000744500000, 0x0000000744500000, 0x0000000744600000|  0%| F|  |TS  0|AC  0|TAMS 0x0000000744500000, 0x0000000744500000|
|  70|0x0000000744600000, 0x0000000744600000, 0x0000000744700000|  0%| F|  |TS  0|AC  0|TAMS 0x0000000744600000, 0x0000000744600000|
|  71|0x0000000744700000, 0x0000000744700000, 0x0000000744800000|  0%| F|  |TS  0|AC  0|TAMS 0x0000000744700000, 0x0000000744700000|
|  72|0x0000000744800000, 0x0000000744800000, 0x0000000744900000|  0%| F|  |TS  0|AC  0|TAMS 0x0000000744800000, 0x0000000744800000|
|  73|0x0000000744900000, 0x0000000744900000, 0x0000000744a00000|  0%| F|  |TS  0|AC  0|TAMS 0x0000000744900000, 0x0000000744900000|
|  74|0x0000000744a00000, 0x0000000744a00000, 0x0000000744b00000|  0%| F|  |TS  0|AC  0|TAMS 0x0000000744a00000, 0x0000000744a00000|
|  75|0x0000000744b00000, 0x0000000744b00000, 0x0000000744c00000|  0%| F|  |TS  0|AC  0|TAMS 0x0000000744b00000, 0x0000000744b00000|
|  76|0x0000000744c00000, 0x0000000744c00000, 0x0000000744d00000|  0%| F|  |TS  0|AC  0|TAMS 0x0000000744c00000, 0x0000000744c00000|
|  77|0x0000000744d00000, 0x0000000744d00000, 0x0000000744e00000|  0%| F|  |TS  0|AC  0|TAMS 0x0000000744d00000, 0x0000000744d00000|
|  78|0x0000000744e00000, 0x0000000744e00000, 0x0000000744f00000|  0%| F|  |TS  0|AC  0|TAMS 0x0000000744e00000, 0x0000000744e00000|
|  79|0x0000000744f00000, 0x0000000744f00000, 0x0000000745000000|  0%| F|  |TS  0|AC  0|TAMS 0x0000000744f00000, 0x0000000744f00000|
|  80|0x0000000745000000, 0x0000000745000000, 0x0000000745100000|  0%| F|  |TS  0|AC  0|TAMS 0x0000000745000000, 0x0000000745000000|
|  81|0x0000000745100000, 0x0000000745100000, 0x0000000745200000|  0%| F|  |TS  0|AC  0|TAMS 0x0000000745100000, 0x0000000745100000|
|  82|0x0000000745200000, 0x0000000745200000, 0x0000000745300000|  0%| F|  |TS  0|AC  0|TAMS 0x0000000745200000, 0x0000000745200000|
|  83|0x0000000745300000, 0x0000000745300000, 0x0000000745400000|  0%| F|  |TS  0|AC  0|TAMS 0x0000000745300000, 0x0000000745300000|
|  84|0x0000000745400000, 0x0000000745400000, 0x0000000745500000|  0%| F|  |TS  0|AC  0|TAMS 0x0000000745400000, 0x0000000745400000|
|  85|0x0000000745500000, 0x0000000745500000, 0x0000000745600000|  0%| F|  |TS  0|AC  0|TAMS 0x0000000745500000, 0x0000000745500000|
|  86|0x0000000745600000, 0x0000000745600000, 0x0000000745700000|  0%| F|  |TS  0|AC  0|TAMS 0x0000000745600000, 0x0000000745600000|
|  87|0x0000000745700000, 0x0000000745700000, 0x0000000745800000|  0%| F|  |TS  0|AC  0|TAMS 0x0000000745700000, 0x0000000745700000|
|  88|0x0000000745800000, 0x0000000745800000, 0x0000000745900000|  0%| F|  |TS  0|AC  0|TAMS 0x0000000745800000, 0x0000000745800000|
|  89|0x0000000745900000, 0x0000000745900000, 0x0000000745a00000|  0%| F|  |TS  0|AC  0|TAMS 0x0000000745900000, 0x0000000745900000|
|  90|0x0000000745a00000, 0x0000000745a00000, 0x0000000745b00000|  0%| F|  |TS  0|AC  0|TAMS 0x0000000745a00000, 0x0000000745a00000|
|  91|0x0000000745b00000, 0x0000000745b00000, 0x0000000745c00000|  0%| F|  |TS  0|AC  0|TAMS 0x0000000745b00000, 0x0000000745b00000|
|  92|0x0000000745c00000, 0x0000000745c00000, 0x0000000745d00000|  0%| F|  |TS  0|AC  0|TAMS 0x0000000745c00000, 0x0000000745c00000|
|  93|0x0000000745d00000, 0x0000000745d00000, 0x0000000745e00000|  0%| F|  |TS  0|AC  0|TAMS 0x0000000745d00000, 0x0000000745d00000|
|  94|0x0000000745e00000, 0x0000000745e00000, 0x0000000745f00000|  0%| F|  |TS  0|AC  0|TAMS 0x0000000745e00000, 0x0000000745e00000|
|  95|0x0000000745f00000, 0x0000000745f00000, 0x0000000746000000|  0%| F|  |TS  0|AC  0|TAMS 0x0000000745f00000, 0x0000000745f00000|
|  96|0x0000000746000000, 0x0000000746000000, 0x0000000746100000|  0%| F|  |TS  0|AC  0|TAMS 0x0000000746000000, 0x0000000746000000|
|  97|0x0000000746100000, 0x0000000746100000, 0x0000000746200000|  0%| F|  |TS  0|AC  0|TAMS 0x0000000746100000, 0x0000000746100000|
|  98|0x0000000746200000, 0x0000000746200000, 0x0000000746300000|  0%| F|  |TS  0|AC  0|TAMS 0x0000000746200000, 0x0000000746200000|
|  99|0x0000000746300000, 0x0000000746300000, 0x0000000746400000|  0%| F|  |TS  0|AC  0|TAMS 0x0000000746300000, 0x0000000746300000|
| 100|0x0000000746400000, 0x0000000746400000, 0x0000000746500000|  0%| F|  |TS  0|AC  0|TAMS 0x0000000746400000, 0x0000000746400000|
| 101|0x0000000746500000, 0x0000000746500000, 0x0000000746600000|  0%| F|  |TS  0|AC  0|TAMS 0x0000000746500000, 0x0000000746500000|
| 102|0x0000000746600000, 0x0000000746600000, 0x0000000746700000|  0%| F|  |TS  0|AC  0|TAMS 0x0000000746600000, 0x0000000746600000|
| 103|0x0000000746700000, 0x0000000746700000, 0x0000000746800000|  0%| F|  |TS  0|AC  0|TAMS 0x0000000746700000, 0x0000000746700000|
| 104|0x0000000746800000, 0x0000000746800000, 0x0000000746900000|  0%| F|  |TS  0|AC  0|TAMS 0x0000000746800000, 0x0000000746800000|
| 105|0x0000000746900000, 0x0000000746900000, 0x0000000746a00000|  0%| F|  |TS  0|AC  0|TAMS 0x0000000746900000, 0x0000000746900000|
| 106|0x0000000746a00000, 0x0000000746a00000, 0x0000000746b00000|  0%| F|  |TS  0|AC  0|TAMS 0x0000000746a00000, 0x0000000746a00000|
| 107|0x0000000746b00000, 0x0000000746b00000, 0x0000000746c00000|  0%| F|  |TS  0|AC  0|TAMS 0x0000000746b00000, 0x0000000746b00000|
| 108|0x0000000746c00000, 0x0000000746c00000, 0x0000000746d00000|  0%| F|  |TS  0|AC  0|TAMS 0x0000000746c00000, 0x0000000746c00000|
| 109|0x0000000746d00000, 0x0000000746d00000, 0x0000000746e00000|  0%| F|  |TS  0|AC  0|TAMS 0x0000000746d00000, 0x0000000746d00000|
| 110|0x0000000746e00000, 0x0000000746e00000, 0x0000000746f00000|  0%| F|  |TS  0|AC  0|TAMS 0x0000000746e00000, 0x0000000746e00000|
| 111|0x0000000746f00000, 0x0000000746f00000, 0x0000000747000000|  0%| F|  |TS  0|AC  0|TAMS 0x0000000746f00000, 0x0000000746f00000|
| 112|0x0000000747000000, 0x0000000747000000, 0x0000000747100000|  0%| F|  |TS  0|AC  0|TAMS 0x0000000747000000, 0x0000000747000000|
| 113|0x0000000747100000, 0x0000000747100000, 0x0000000747200000|  0%| F|  |TS  0|AC  0|TAMS 0x0000000747100000, 0x0000000747100000|
| 114|0x0000000747200000, 0x0000000747200000, 0x0000000747300000|  0%| F|  |TS  0|AC  0|TAMS 0x0000000747200000, 0x0000000747200000|
| 115|0x0000000747300000, 0x0000000747300000, 0x0000000747400000|  0%| F|  |TS  0|AC  0|TAMS 0x0000000747300000, 0x0000000747300000|
| 116|0x0000000747400000, 0x0000000747400000, 0x0000000747500000|  0%| F|  |TS  0|AC  0|TAMS 0x0000000747400000, 0x0000000747400000|
| 117|0x0000000747500000, 0x0000000747500000, 0x0000000747600000|  0%| F|  |TS  0|AC  0|TAMS 0x0000000747500000, 0x0000000747500000|
| 118|0x0000000747600000, 0x0000000747600000, 0x0000000747700000|  0%| F|  |TS  0|AC  0|TAMS 0x0000000747600000, 0x0000000747600000|
| 119|0x0000000747700000, 0x0000000747700000, 0x0000000747800000|  0%| F|  |TS  0|AC  0|TAMS 0x0000000747700000, 0x0000000747700000|
| 120|0x0000000747800000, 0x0000000747800000, 0x0000000747900000|  0%| F|  |TS  0|AC  0|TAMS 0x0000000747800000, 0x0000000747800000|
| 121|0x0000000747900000, 0x0000000747900000, 0x0000000747a00000|  0%| F|  |TS  0|AC  0|TAMS 0x0000000747900000, 0x0000000747900000|
| 122|0x0000000747a00000, 0x0000000747a00000, 0x0000000747b00000|  0%| F|  |TS  0|AC  0|TAMS 0x0000000747a00000, 0x0000000747a00000|
| 123|0x0000000747b00000, 0x0000000747b00000, 0x0000000747c00000|  0%| F|  |TS  0|AC  0|TAMS 0x0000000747b00000, 0x0000000747b00000|
| 124|0x0000000747c00000, 0x0000000747c00000, 0x0000000747d00000|  0%| F|  |TS  0|AC  0|TAMS 0x0000000747c00000, 0x0000000747c00000|
| 125|0x0000000747d00000, 0x0000000747deae68, 0x0000000747e00000| 91%| E|  |TS  0|AC  0|TAMS 0x0000000747d00000, 0x0000000747d00000|
| 126|0x0000000747e00000, 0x0000000747f00000, 0x0000000747f00000|100%| E|CS|TS  0|AC  0|TAMS 0x0000000747e00000, 0x0000000747e00000|
| 127|0x0000000747f00000, 0x0000000748000000, 0x0000000748000000|100%| E|CS|TS  0|AC  0|TAMS 0x0000000747f00000, 0x0000000747f00000|

Card table byte_map: [0x0000000120d1e000,0x000000012111e000] byte_map_base: 0x000000011d31e000

Marking Bits (Prev, Next): (CMBitMap*) 0x00007ffbd2828860, (CMBitMap*) 0x00007ffbd2828898
 Prev Bits: [0x000000012151e000, 0x000000012351e000)
 Next Bits: [0x000000012351e000, 0x000000012551e000)

Polling page: 0x000000010479f000

CodeHeap 'non-profiled nmethods': size=120032Kb used=69Kb max_used=69Kb free=119963Kb
 bounds [0x0000000118fe6000, 0x0000000119256000, 0x000000012051e000]
CodeHeap 'profiled nmethods': size=120032Kb used=266Kb max_used=266Kb free=119765Kb
 bounds [0x0000000111aae000, 0x0000000111d1e000, 0x0000000118fe6000]
CodeHeap 'non-nmethods': size=5696Kb used=1068Kb max_used=1079Kb free=4627Kb
 bounds [0x000000011151e000, 0x000000011178e000, 0x0000000111aae000]
 total_blobs=569 nmethods=208 adapters=201
 compilation: enabled

Compilation events (10 events):
Event: 0.394 Thread 0x00007ffbd286f000  204       4       java.lang.String::charAt (25 bytes)
Event: 0.397 Thread 0x00007ffbd286f000 nmethod 204 0x0000000118ff6790 code [0x0000000118ff6920, 0x0000000118ff6a78]
Event: 0.404 Thread 0x00007ffbd2870000  205       3       java.lang.String::lastIndexOf (29 bytes)
Event: 0.405 Thread 0x00007ffbd2870000 nmethod 205 0x0000000111aef810 code [0x0000000111aef9e0, 0x0000000111aefcf8]
Event: 0.413 Thread 0x00007ffbd2870000  206       3       java.lang.CharacterDataLatin1::getProperties (11 bytes)
Event: 0.413 Thread 0x00007ffbd2870000 nmethod 206 0x0000000111aefe10 code [0x0000000111aeffc0, 0x0000000111af0150]
Event: 0.413 Thread 0x00007ffbd2870000  208       3       java.lang.String::lastIndexOf (12 bytes)
Event: 0.414 Thread 0x00007ffbd2870000 nmethod 208 0x0000000111af0210 code [0x0000000111af0400, 0x0000000111af0858]
Event: 0.414 Thread 0x00007ffbd2870000  207       1       java.util.zip.Inflater$InflaterZStreamRef::address (5 bytes)
Event: 0.414 Thread 0x00007ffbd2870000 nmethod 207 0x0000000118ff6c10 code [0x0000000118ff6dc0, 0x0000000118ff6ed0]

GC Heap History (0 events):
No events

Deoptimization events (1 events):
Event: 0.289 Thread 0x00007ffbd1809800 Uncommon trap: reason=unstable_if action=reinterpret pc=0x0000000118fe9614 method=java.lang.String.hashCode()I @ 14 c2

Classes redefined (3 events):
Event: 126.688 Thread 0x00007ffbd286e800 redefined class name=hw2.Percolation, count=1
Event: 228.352 Thread 0x00007ffbd286e800 redefined class name=hw2.Percolation, count=2
Event: 1599.550 Thread 0x00007ffbd286e800 redefined class name=hw2.Percolation, count=3

Internal exceptions (0 events):
No events

Events (10 events):
Event: 1805.166 Executing VM operation: GetOrSetLocal done
Event: 1805.262 Executing VM operation: ChangeBreakpoints
Event: 1805.262 Executing VM operation: ChangeBreakpoints done
Event: 1805.278 Executing VM operation: GetFrameCount
Event: 1805.278 Executing VM operation: GetFrameCount done
Event: 1805.278 Executing VM operation: GetFrameLocation
Event: 1805.278 Executing VM operation: GetFrameLocation done
Event: 1805.278 Executing VM operation: GetFrameLocation
Event: 1805.278 Executing VM operation: GetFrameLocation done
Event: 1805.369 Executing VM operation: GetOrSetLocal


Dynamic libraries:
0x00007fff52115000 	/System/Library/Frameworks/Cocoa.framework/Versions/A/Cocoa
0x00007fff5e4de000 	/System/Library/Frameworks/Security.framework/Versions/A/Security
0x00007fff50d84000 	/System/Library/Frameworks/ApplicationServices.framework/Versions/A/ApplicationServices
0x00007fff7a01a000 	/usr/lib/libz.1.dylib
0x00007fff7802e000 	/usr/lib/libSystem.B.dylib
0x00007fff528af000 	/System/Library/Frameworks/CoreFoundation.framework/Versions/A/CoreFoundation
0x00007fff549f3000 	/System/Library/Frameworks/Foundation.framework/Versions/C/Foundation
0x00007fff7962f000 	/usr/lib/libobjc.A.dylib
0x00007fff4fed5000 	/System/Library/Frameworks/AppKit.framework/Versions/C/AppKit
0x00007fff5248d000 	/System/Library/Frameworks/CoreData.framework/Versions/A/CoreData
0x00007fff71a71000 	/System/Library/PrivateFrameworks/RemoteViewServices.framework/Versions/A/RemoteViewServices
0x00007fff760c4000 	/System/Library/PrivateFrameworks/UIFoundation.framework/Versions/A/UIFoundation
0x00007fff66ad8000 	/System/Library/PrivateFrameworks/DFRFoundation.framework/Versions/A/DFRFoundation
0x00007fff56ec8000 	/System/Library/Frameworks/Metal.framework/Versions/A/Metal
0x00007fff66c79000 	/System/Library/PrivateFrameworks/DesktopServicesPriv.framework/Versions/A/DesktopServicesPriv
0x00007fff78c31000 	/usr/lib/libenergytrace.dylib
0x00007fff741e9000 	/System/Library/PrivateFrameworks/SkyLight.framework/Versions/A/SkyLight
0x00007fff52d51000 	/System/Library/Frameworks/CoreGraphics.framework/Versions/A/CoreGraphics
0x00007fff78029000 	/usr/lib/libScreenReader.dylib
0x00007fff4ee96000 	/System/Library/Frameworks/Accelerate.framework/Versions/A/Accelerate
0x00007fff5516a000 	/System/Library/Frameworks/IOSurface.framework/Versions/A/IOSurface
0x00007fff512ce000 	/System/Library/Frameworks/AudioToolbox.framework/Versions/A/AudioToolbox
0x00007fff5155b000 	/System/Library/Frameworks/AudioUnit.framework/Versions/A/AudioUnit
0x00007fff66b74000 	/System/Library/PrivateFrameworks/DataDetectorsCore.framework/Versions/A/DataDetectorsCore
0x00007fff51c1c000 	/System/Library/Frameworks/Carbon.framework/Versions/A/Frameworks/HIToolbox.framework/Versions/A/HIToolbox
0x00007fff78d8b000 	/usr/lib/libicucore.A.dylib
0x00007fff5da5d000 	/System/Library/Frameworks/QuartzCore.framework/Versions/A/QuartzCore
0x00007fff52002000 	/System/Library/Frameworks/Carbon.framework/Versions/A/Frameworks/SpeechRecognition.framework/Versions/A/SpeechRecognition
0x00007fff7818a000 	/usr/lib/libauto.dylib
0x00007fff79f09000 	/usr/lib/libxml2.2.dylib
0x00007fff66752000 	/System/Library/PrivateFrameworks/CoreUI.framework/Versions/A/CoreUI
0x00007fff52369000 	/System/Library/Frameworks/CoreAudio.framework/Versions/A/CoreAudio
0x00007fff5482d000 	/System/Library/Frameworks/DiskArbitration.framework/Versions/A/DiskArbitration
0x00007fff78fff000 	/usr/lib/liblangid.dylib
0x00007fff6dfc1000 	/System/Library/PrivateFrameworks/MultitouchSupport.framework/Versions/A/MultitouchSupport
0x00007fff550cd000 	/System/Library/Frameworks/IOKit.framework/Versions/A/IOKit
0x00007fff77cc6000 	/usr/lib/libDiagnosticMessagesClient.dylib
0x00007fff53a0e000 	/System/Library/Frameworks/CoreServices.framework/Versions/A/CoreServices
0x00007fff6fa5b000 	/System/Library/PrivateFrameworks/PerformanceAnalysis.framework/Versions/A/PerformanceAnalysis
0x00007fff5cc07000 	/System/Library/Frameworks/OpenGL.framework/Versions/A/OpenGL
0x00007fff52123000 	/System/Library/Frameworks/ColorSync.framework/Versions/A/ColorSync
0x00007fff53360000 	/System/Library/Frameworks/CoreImage.framework/Versions/A/CoreImage
0x00007fff5439e000 	/System/Library/Frameworks/CoreText.framework/Versions/A/CoreText
0x00007fff551c8000 	/System/Library/Frameworks/ImageIO.framework/Versions/A/ImageIO
0x00007fff62fac000 	/System/Library/PrivateFrameworks/Backup.framework/Versions/A/Backup
0x00007fff780da000 	/usr/lib/libarchive.2.dylib
0x00007fff51870000 	/System/Library/Frameworks/CFNetwork.framework/Versions/A/CFNetwork
0x00007fff5ec5a000 	/System/Library/Frameworks/SystemConfiguration.framework/Versions/A/SystemConfiguration
0x00007fff77bef000 	/usr/lib/libCRFSuite.dylib
0x00007fff78262000 	/usr/lib/libc++.1.dylib
0x00007fff782b9000 	/usr/lib/libc++abi.dylib
0x00007fff7a0ca000 	/usr/lib/system/libcache.dylib
0x00007fff7a0cf000 	/usr/lib/system/libcommonCrypto.dylib
0x00007fff7a0da000 	/usr/lib/system/libcompiler_rt.dylib
0x00007fff7a0e2000 	/usr/lib/system/libcopyfile.dylib
0x00007fff7a0eb000 	/usr/lib/system/libcorecrypto.dylib
0x00007fff7a1f8000 	/usr/lib/system/libdispatch.dylib
0x00007fff7a232000 	/usr/lib/system/libdyld.dylib
0x00007fff7a250000 	/usr/lib/system/libkeymgr.dylib
0x00007fff7a25e000 	/usr/lib/system/liblaunch.dylib
0x00007fff7a25f000 	/usr/lib/system/libmacho.dylib
0x00007fff7a264000 	/usr/lib/system/libquarantine.dylib
0x00007fff7a267000 	/usr/lib/system/libremovefile.dylib
0x00007fff7a269000 	/usr/lib/system/libsystem_asl.dylib
0x00007fff7a281000 	/usr/lib/system/libsystem_blocks.dylib
0x00007fff7a282000 	/usr/lib/system/libsystem_c.dylib
0x00007fff7a30c000 	/usr/lib/system/libsystem_configuration.dylib
0x00007fff7a310000 	/usr/lib/system/libsystem_coreservices.dylib
0x00007fff7a314000 	/usr/lib/system/libsystem_darwin.dylib
0x00007fff7a316000 	/usr/lib/system/libsystem_dnssd.dylib
0x00007fff7a31d000 	/usr/lib/system/libsystem_info.dylib
0x00007fff7a38d000 	/usr/lib/system/libsystem_m.dylib
0x00007fff7a3d9000 	/usr/lib/system/libsystem_malloc.dylib
0x00007fff7a3f9000 	/usr/lib/system/libsystem_network.dylib
0x00007fff7a49e000 	/usr/lib/system/libsystem_networkextension.dylib
0x00007fff7a4a9000 	/usr/lib/system/libsystem_notify.dylib
0x00007fff7a4c7000 	/usr/lib/system/libsystem_sandbox.dylib
0x00007fff7a4cb000 	/usr/lib/system/libsystem_secinit.dylib
0x00007fff7a367000 	/usr/lib/system/libsystem_kernel.dylib
0x00007fff7a4b3000 	/usr/lib/system/libsystem_platform.dylib
0x00007fff7a4bb000 	/usr/lib/system/libsystem_pthread.dylib
0x00007fff7a4cd000 	/usr/lib/system/libsystem_symptoms.dylib
0x00007fff7a4d5000 	/usr/lib/system/libsystem_trace.dylib
0x00007fff7a4ea000 	/usr/lib/system/libunwind.dylib
0x00007fff7a4f0000 	/usr/lib/system/libxpc.dylib
0x00007fff77b1c000 	/usr/lib/closure/libclosured.dylib
0x00007fff78243000 	/usr/lib/libbsm.0.dylib
0x00007fff7a251000 	/usr/lib/system/libkxld.dylib
0x00007fff77f00000 	/usr/lib/libOpenScriptingUtil.dylib
0x00007fff785b3000 	/usr/lib/libcoretls.dylib
0x00007fff785cc000 	/usr/lib/libcoretls_cfhelpers.dylib
0x00007fff79a30000 	/usr/lib/libpam.2.dylib
0x00007fff79b56000 	/usr/lib/libsqlite3.dylib
0x00007fff79ef8000 	/usr/lib/libxar.1.dylib
0x00007fff78254000 	/usr/lib/libbz2.1.0.dylib
0x00007fff79001000 	/usr/lib/liblzma.5.dylib
0x00007fff794e2000 	/usr/lib/libnetwork.dylib
0x00007fff780c3000 	/usr/lib/libapple_nghttp2.dylib
0x00007fff79a37000 	/usr/lib/libpcap.A.dylib
0x00007fff7818b000 	/usr/lib/libboringssl.dylib
0x00007fff79eba000 	/usr/lib/libusrtcp.dylib
0x00007fff780c2000 	/usr/lib/libapple_crypto.dylib
0x00007fff53d91000 	/System/Library/Frameworks/CoreServices.framework/Versions/A/Frameworks/FSEvents.framework/Versions/A/FSEvents
0x00007fff53a84000 	/System/Library/Frameworks/CoreServices.framework/Versions/A/Frameworks/CarbonCore.framework/Versions/A/CarbonCore
0x00007fff53f53000 	/System/Library/Frameworks/CoreServices.framework/Versions/A/Frameworks/Metadata.framework/Versions/A/Metadata
0x00007fff54003000 	/System/Library/Frameworks/CoreServices.framework/Versions/A/Frameworks/OSServices.framework/Versions/A/OSServices
0x00007fff54061000 	/System/Library/Frameworks/CoreServices.framework/Versions/A/Frameworks/SearchKit.framework/Versions/A/SearchKit
0x00007fff53a0f000 	/System/Library/Frameworks/CoreServices.framework/Versions/A/Frameworks/AE.framework/Versions/A/AE
0x00007fff53d9a000 	/System/Library/Frameworks/CoreServices.framework/Versions/A/Frameworks/LaunchServices.framework/Versions/A/LaunchServices
0x00007fff53d5c000 	/System/Library/Frameworks/CoreServices.framework/Versions/A/Frameworks/DictionaryServices.framework/Versions/A/DictionaryServices
0x00007fff540d0000 	/System/Library/Frameworks/CoreServices.framework/Versions/A/Frameworks/SharedFileList.framework/Versions/A/SharedFileList
0x00007fff58094000 	/System/Library/Frameworks/NetFS.framework/Versions/A/NetFS
0x00007fff6e24e000 	/System/Library/PrivateFrameworks/NetAuth.framework/Versions/A/NetAuth
0x00007fff779b6000 	/System/Library/PrivateFrameworks/login.framework/Versions/A/Frameworks/loginsupport.framework/Versions/A/loginsupport
0x00007fff75d48000 	/System/Library/PrivateFrameworks/TCC.framework/Versions/A/TCC
0x00007fff790e2000 	/usr/lib/libmecabra.dylib
0x00007fff50d85000 	/System/Library/Frameworks/ApplicationServices.framework/Versions/A/Frameworks/ATS.framework/Versions/A/ATS
0x00007fff51133000 	/System/Library/Frameworks/ApplicationServices.framework/Versions/A/Frameworks/ColorSyncLegacy.framework/Versions/A/ColorSyncLegacy
0x00007fff511d7000 	/System/Library/Frameworks/ApplicationServices.framework/Versions/A/Frameworks/HIServices.framework/Versions/A/HIServices
0x00007fff5122a000 	/System/Library/Frameworks/ApplicationServices.framework/Versions/A/Frameworks/LangAnalysis.framework/Versions/A/LangAnalysis
0x00007fff51239000 	/System/Library/Frameworks/ApplicationServices.framework/Versions/A/Frameworks/PrintCore.framework/Versions/A/PrintCore
0x00007fff51286000 	/System/Library/Frameworks/ApplicationServices.framework/Versions/A/Frameworks/QD.framework/Versions/A/QD
0x00007fff512c1000 	/System/Library/Frameworks/ApplicationServices.framework/Versions/A/Frameworks/SpeechSynthesis.framework/Versions/A/SpeechSynthesis
0x00007fff527e2000 	/System/Library/Frameworks/CoreDisplay.framework/Versions/A/CoreDisplay
0x00007fff4eeae000 	/System/Library/Frameworks/Accelerate.framework/Versions/A/Frameworks/vImage.framework/Versions/A/vImage
0x00007fff4fbe5000 	/System/Library/Frameworks/Accelerate.framework/Versions/A/Frameworks/vecLib.framework/Versions/A/vecLib
0x00007fff4f987000 	/System/Library/Frameworks/Accelerate.framework/Versions/A/Frameworks/vecLib.framework/Versions/A/libvDSP.dylib
0x00007fff4f508000 	/System/Library/Frameworks/Accelerate.framework/Versions/A/Frameworks/vecLib.framework/Versions/A/libBNNS.dylib
0x00007fff4f90e000 	/System/Library/Frameworks/Accelerate.framework/Versions/A/Frameworks/vecLib.framework/Versions/A/libQuadrature.dylib
0x00007fff4fb34000 	/System/Library/Frameworks/Accelerate.framework/Versions/A/Frameworks/vecLib.framework/Versions/A/libvMisc.dylib
0x00007fff4f537000 	/System/Library/Frameworks/Accelerate.framework/Versions/A/Frameworks/vecLib.framework/Versions/A/libLAPACK.dylib
0x00007fff4f3ad000 	/System/Library/Frameworks/Accelerate.framework/Versions/A/Frameworks/vecLib.framework/Versions/A/libBLAS.dylib
0x00007fff4f8f8000 	/System/Library/Frameworks/Accelerate.framework/Versions/A/Frameworks/vecLib.framework/Versions/A/libLinearAlgebra.dylib
0x00007fff4f914000 	/System/Library/Frameworks/Accelerate.framework/Versions/A/Frameworks/vecLib.framework/Versions/A/libSparse.dylib
0x00007fff4f973000 	/System/Library/Frameworks/Accelerate.framework/Versions/A/Frameworks/vecLib.framework/Versions/A/libSparseBLAS.dylib
0x00007fff6c90b000 	/System/Library/PrivateFrameworks/IOAccelerator.framework/Versions/A/IOAccelerator
0x00007fff6c916000 	/System/Library/PrivateFrameworks/IOPresentment.framework/Versions/A/IOPresentment
0x00007fff66aea000 	/System/Library/PrivateFrameworks/DSExternalDisplay.framework/Versions/A/DSExternalDisplay
0x00007fff5c089000 	/System/Library/Frameworks/OpenGL.framework/Versions/A/Libraries/libCoreFSCache.dylib
0x00007fff544ed000 	/System/Library/Frameworks/CoreVideo.framework/Versions/A/CoreVideo
0x00007fff6bf5e000 	/System/Library/PrivateFrameworks/GraphVisualizer.framework/Versions/A/GraphVisualizer
0x00007fff5708b000 	/System/Library/Frameworks/MetalPerformanceShaders.framework/Versions/A/MetalPerformanceShaders
0x00007fff77cfe000 	/usr/lib/libFosl_dynamic.dylib
0x00007fff67b1c000 	/System/Library/PrivateFrameworks/FaceCore.framework/Versions/A/FaceCore
0x00007fff5ae91000 	/System/Library/Frameworks/OpenCL.framework/Versions/A/OpenCL
0x00007fff782f0000 	/usr/lib/libcompression.dylib
0x00007fff50e84000 	/System/Library/Frameworks/ApplicationServices.framework/Versions/A/Frameworks/ATS.framework/Versions/A/Resources/libFontParser.dylib
0x00007fff50fa7000 	/System/Library/Frameworks/ApplicationServices.framework/Versions/A/Frameworks/ATS.framework/Versions/A/Resources/libFontRegistry.dylib
0x00007fff5542d000 	/System/Library/Frameworks/ImageIO.framework/Versions/A/Resources/libJPEG.dylib
0x00007fff55756000 	/System/Library/Frameworks/ImageIO.framework/Versions/A/Resources/libTIFF.dylib
0x00007fff5572c000 	/System/Library/Frameworks/ImageIO.framework/Versions/A/Resources/libPng.dylib
0x00007fff55340000 	/System/Library/Frameworks/ImageIO.framework/Versions/A/Resources/libGIF.dylib
0x00007fff55345000 	/System/Library/Frameworks/ImageIO.framework/Versions/A/Resources/libJP2.dylib
0x00007fff55753000 	/System/Library/Frameworks/ImageIO.framework/Versions/A/Resources/libRadiance.dylib
0x00007fff6270d000 	/System/Library/PrivateFrameworks/AppleJPEG.framework/Versions/A/AppleJPEG
0x00007fff6dd40000 	/System/Library/PrivateFrameworks/MetalTools.framework/Versions/A/MetalTools
0x00007fff56f64000 	/System/Library/Frameworks/MetalPerformanceShaders.framework/Frameworks/MPSCore.framework/Versions/A/MPSCore
0x00007fff56f7a000 	/System/Library/Frameworks/MetalPerformanceShaders.framework/Frameworks/MPSImage.framework/Versions/A/MPSImage
0x00007fff56fe6000 	/System/Library/Frameworks/MetalPerformanceShaders.framework/Frameworks/MPSMatrix.framework/Versions/A/MPSMatrix
0x00007fff5700a000 	/System/Library/Frameworks/MetalPerformanceShaders.framework/Frameworks/MPSNeuralNetwork.framework/Versions/A/MPSNeuralNetwork
0x00007fff5c251000 	/System/Library/Frameworks/OpenGL.framework/Versions/A/Libraries/libGLU.dylib
0x00007fff5c093000 	/System/Library/Frameworks/OpenGL.framework/Versions/A/Libraries/libGFXShared.dylib
0x00007fff5c09c000 	/System/Library/Frameworks/OpenGL.framework/Versions/A/Libraries/libGL.dylib
0x00007fff5c0a8000 	/System/Library/Frameworks/OpenGL.framework/Versions/A/Libraries/libGLImage.dylib
0x00007fff5c086000 	/System/Library/Frameworks/OpenGL.framework/Versions/A/Libraries/libCVMSPluginSupport.dylib
0x00007fff5c08e000 	/System/Library/Frameworks/OpenGL.framework/Versions/A/Libraries/libCoreVMClient.dylib
0x00007fff78a9d000 	/usr/lib/libcups.2.dylib
0x00007fff56532000 	/System/Library/Frameworks/Kerberos.framework/Versions/A/Kerberos
0x00007fff54e28000 	/System/Library/Frameworks/GSS.framework/Versions/A/GSS
0x00007fff79aea000 	/usr/lib/libresolv.9.dylib
0x00007fff78c99000 	/usr/lib/libiconv.2.dylib
0x00007fff6bfe5000 	/System/Library/PrivateFrameworks/Heimdal.framework/Versions/A/Heimdal
0x00007fff78c68000 	/usr/lib/libheimdal-asn1.dylib
0x00007fff5aefc000 	/System/Library/Frameworks/OpenDirectory.framework/Versions/A/OpenDirectory
0x00007fff649c2000 	/System/Library/PrivateFrameworks/CommonAuth.framework/Versions/A/CommonAuth
0x00007fff5aedf000 	/System/Library/Frameworks/OpenDirectory.framework/Versions/A/Frameworks/CFOpenDirectory.framework/Versions/A/CFOpenDirectory
0x00007fff5e7f6000 	/System/Library/Frameworks/SecurityFoundation.framework/Versions/A/SecurityFoundation
0x00007fff618fe000 	/System/Library/PrivateFrameworks/APFS.framework/Versions/A/APFS
0x00007fff79ef4000 	/usr/lib/libutil.dylib
0x00007fff62790000 	/System/Library/PrivateFrameworks/AppleSauce.framework/Versions/A/AppleSauce
0x00007fff6d0ed000 	/System/Library/PrivateFrameworks/LinguisticData.framework/Versions/A/LinguisticData
0x00007fff7901b000 	/usr/lib/libmarisa.dylib
0x00007fff6d0a7000 	/System/Library/PrivateFrameworks/Lexicon.framework/Versions/A/Lexicon
0x00007fff77c29000 	/usr/lib/libChineseTokenizer.dylib
0x00007fff782df000 	/usr/lib/libcmph.dylib
0x00007fff6cfb1000 	/System/Library/PrivateFrameworks/LanguageModeling.framework/Versions/A/LanguageModeling
0x00007fff653d8000 	/System/Library/PrivateFrameworks/CoreEmoji.framework/Versions/A/CoreEmoji
0x00007fff5e8b2000 	/System/Library/Frameworks/ServiceManagement.framework/Versions/A/ServiceManagement
0x00007fff62fa4000 	/System/Library/PrivateFrameworks/BackgroundTaskManagement.framework/Versions/A/BackgroundTaskManagement
0x00007fff79ff1000 	/usr/lib/libxslt.1.dylib
0x00007fff51f2c000 	/System/Library/Frameworks/Carbon.framework/Versions/A/Frameworks/Ink.framework/Versions/A/Ink
0x00007fff75f5c000 	/System/Library/PrivateFrameworks/TextureIO.framework/Versions/A/TextureIO
0x00007fff78105000 	/usr/lib/libate.dylib
0x00007fff66a4c000 	/System/Library/PrivateFrameworks/CrashReporterSupport.framework/Versions/A/CrashReporterSupport
0x00007fff733b1000 	/System/Library/PrivateFrameworks/Sharing.framework/Versions/A/Sharing
0x00007fff6ccf7000 	/System/Library/PrivateFrameworks/IconServices.framework/Versions/A/IconServices
0x00007fff71877000 	/System/Library/PrivateFrameworks/ProtocolBuffer.framework/Versions/A/ProtocolBuffer
0x00007fff62598000 	/System/Library/PrivateFrameworks/Apple80211.framework/Versions/A/Apple80211
0x00007fff54528000 	/System/Library/Frameworks/CoreWLAN.framework/Versions/A/CoreWLAN
0x00007fff66887000 	/System/Library/PrivateFrameworks/CoreUtils.framework/Versions/A/CoreUtils
0x00007fff54f6a000 	/System/Library/Frameworks/IOBluetooth.framework/Versions/A/IOBluetooth
0x00007fff669e7000 	/System/Library/PrivateFrameworks/CoreWiFi.framework/Versions/A/CoreWiFi
0x00007fff52463000 	/System/Library/Frameworks/CoreBluetooth.framework/Versions/A/CoreBluetooth
0x00007fff734eb000 	/System/Library/PrivateFrameworks/SignpostNotification.framework/Versions/A/SignpostNotification
0x00007fff66c38000 	/System/Library/PrivateFrameworks/DebugSymbols.framework/Versions/A/DebugSymbols
0x00007fff6663e000 	/System/Library/PrivateFrameworks/CoreSymbolication.framework/Versions/A/CoreSymbolication
0x00007fff757d3000 	/System/Library/PrivateFrameworks/Symbolication.framework/Versions/A/Symbolication
0x00007fff625c2000 	/System/Library/PrivateFrameworks/AppleFSCompression.framework/Versions/A/AppleFSCompression
0x00007fff74c34000 	/System/Library/PrivateFrameworks/SpeechRecognitionCore.framework/Versions/A/SpeechRecognitionCore
0x0000000105000000 	/Library/Java/JavaVirtualMachines/jdk-10.0.1.jdk/Contents/Home/lib/server/libjvm.dylib
0x00007fff79deb000 	/usr/lib/libstdc++.6.0.9.dylib
0x000000010475d000 	/Library/Java/JavaVirtualMachines/jdk-10.0.1.jdk/Contents/Home/lib/libverify.dylib
0x000000010476a000 	/Library/Java/JavaVirtualMachines/jdk-10.0.1.jdk/Contents/Home/lib/libjava.dylib
0x00000001047a1000 	/Library/Java/JavaVirtualMachines/jdk-10.0.1.jdk/Contents/Home/lib/libjdwp.dylib
0x00000001047de000 	/Library/Java/JavaVirtualMachines/jdk-10.0.1.jdk/Contents/Home/lib/libinstrument.dylib
0x0000000105f1b000 	/Library/Java/JavaVirtualMachines/jdk-10.0.1.jdk/Contents/Home/lib/libzip.dylib
0x0000000105f23000 	/Library/Java/JavaVirtualMachines/jdk-10.0.1.jdk/Contents/Home/lib/libjimage.dylib
0x0000000111475000 	/Library/Java/JavaVirtualMachines/jdk-10.0.1.jdk/Contents/Home/lib/libdt_socket.dylib
0x0000000129d4c000 	/Library/Java/JavaVirtualMachines/jdk-10.0.1.jdk/Contents/Home/lib/libnio.dylib
0x0000000129d5c000 	/Library/Java/JavaVirtualMachines/jdk-10.0.1.jdk/Contents/Home/lib/./libnet.dylib


VM Arguments:
jvm_args: -agentlib:jdwp=transport=dt_socket,address=127.0.0.1:55069,suspend=y,server=n -javaagent:/Users/jiayaohuang/Library/Caches/IdeaIC2018.1/captureAgent/debugger-agent.jar=file:/private/var/folders/5k/5wfvn6c97v30yndsk3krymlh0000gn/T/capture.props -Dfile.encoding=UTF-8 
java_command: hw2.Percolation
java_class_path (initial): /Users/jiayaohuang/Documents/cs61b-sp17/hw2/hw2/out/production/hw2:/Users/jiayaohuang/Documents/cs61b-sp17/algs4.jar:/Applications/IntelliJ IDEA CE.app/Contents/lib/idea_rt.jar
Launcher Type: SUN_STANDARD

Logging:
Log output configuration:
#0: stdout all=warning uptime,level,tags
#1: stderr all=off uptime,level,tags

Environment Variables:
PATH=/usr/local/bin:/usr/bin:/bin:/usr/sbin:/sbin:/Users/jiayaohuang/.fzf/bin
SHELL=/bin/zsh

Signal Handlers:
SIGSEGV: [libjvm.dylib+0x79ac14], sa_mask[0]=11111111011111110111111111111111, sa_flags=SA_ONSTACK|SA_RESTART|SA_SIGINFO
SIGBUS: [libjvm.dylib+0x79ac14], sa_mask[0]=11111111011111110111111111111111, sa_flags=SA_RESTART|SA_SIGINFO
SIGFPE: [libjvm.dylib+0x79ac14], sa_mask[0]=11111111011111110111111111111111, sa_flags=SA_RESTART|SA_SIGINFO
SIGPIPE: [libjvm.dylib+0x635960], sa_mask[0]=11111111011111110111111111111111, sa_flags=SA_RESTART|SA_SIGINFO
SIGXFSZ: [libjvm.dylib+0x635960], sa_mask[0]=11111111011111110111111111111111, sa_flags=SA_RESTART|SA_SIGINFO
SIGILL: [libjvm.dylib+0x79ac14], sa_mask[0]=11111111011111110111111111111111, sa_flags=SA_RESTART|SA_SIGINFO
SIGUSR2: [libjvm.dylib+0x6361f0], sa_mask[0]=00100000000000000000000000000000, sa_flags=SA_RESTART|SA_SIGINFO
SIGHUP: [libjvm.dylib+0x6349db], sa_mask[0]=11111111011111110111111111111111, sa_flags=SA_RESTART|SA_SIGINFO
SIGINT: [libjvm.dylib+0x6349db], sa_mask[0]=11111111011111110111111111111111, sa_flags=SA_RESTART|SA_SIGINFO
SIGTERM: [libjvm.dylib+0x6349db], sa_mask[0]=11111111011111110111111111111111, sa_flags=SA_RESTART|SA_SIGINFO
SIGQUIT: [libjvm.dylib+0x6349db], sa_mask[0]=11111111011111110111111111111111, sa_flags=SA_RESTART|SA_SIGINFO


---------------  S Y S T E M  ---------------

OS:uname:Darwin 17.3.0 Darwin Kernel Version 17.3.0: Thu Nov  9 18:09:22 PST 2017; root:xnu-4570.31.3~1/RELEASE_X86_64 x86_64
rlimit: STACK 8192k, CORE 0k, NPROC 709, NOFILE 10240, AS infinity, DATA infinity, FSIZE infinity
load average:5.88 5.60 5.85

CPU:total 4 (initial active 4) (2 cores per cpu, 2 threads per core) family 6 model 142 stepping 9, cmov, cx8, fxsr, mmx, sse, sse2, sse3, ssse3, sse4.1, sse4.2, popcnt, avx, avx2, aes, clmul, erms, 3dnowpref, lzcnt, ht, tsc, tscinvbit, bmi1, bmi2, adx, fma

Memory: 4k page, physical 8388608k(319820k free)

vm_info: Java HotSpot(TM) 64-Bit Server VM (10.0.1+10) for bsd-amd64 JRE (10.0.1+10), built on Mar 27 2018 01:13:17 by "mach5one" with gcc 4.2.1 Compatible Apple LLVM 6.1.0 (clang-602.0.49)

END.
