#
# A fatal error has been detected by the Java Runtime Environment:
#
#  SIGBUS (0xa) at pc=0x0000000101a84558, pid=6872, tid=14339
#
# JRE version: Java(TM) SE Runtime Environment (10.0.1+10) (build 10.0.1+10)
# Java VM: Java HotSpot(TM) 64-Bit Server VM (10.0.1+10, mixed mode, tiered, compressed oops, g1 gc, bsd-amd64)
# Problematic frame:
# V  [libjvm.dylib+0x284558]  _ZN12ConstantPool31impl_name_and_type_ref_index_atEib+0x1c
#
# No core dump will be written. Core dumps have been disabled. To enable core dumping, try "ulimit -c unlimited" before starting Java again
#
# If you would like to submit a bug report, please visit:
#   http://bugreport.java.com/bugreport/crash.jsp
#

---------------  S U M M A R Y ------------

Command Line: -agentlib:jdwp=transport=dt_socket,address=127.0.0.1:51656,suspend=y,server=n -javaagent:/Users/jiayaohuang/Library/Caches/IdeaIC2018.1/captureAgent/debugger-agent.jar=file:/private/var/folders/5k/5wfvn6c97v30yndsk3krymlh0000gn/T/capture.props -Dfile.encoding=UTF-8 hw2.Percolation

Host: MacBook10,1 x86_64 1200 MHz, 4 cores, 8G, Darwin 17.3.0
Time: Fri Jun 22 11:24:13 2018 PDT elapsed time: 114 seconds (0d 0h 1m 54s)

---------------  T H R E A D  ---------------

Current thread (0x00007f9058039000):  VMThread "VM Thread" [stack: 0x0000700001acb000,0x0000700001bcb000] [id=14339]

Stack: [0x0000700001acb000,0x0000700001bcb000],  sp=0x0000700001bca1b0,  free space=1020k
Native frames: (J=compiled Java code, A=aot compiled Java code, j=interpreted, Vv=VM code, C=native code)
V  [libjvm.dylib+0x284558]  _ZN12ConstantPool31impl_name_and_type_ref_index_atEib+0x1c
V  [libjvm.dylib+0x2845ad]  _ZN12ConstantPool21impl_signature_ref_atEib+0x11
V  [libjvm.dylib+0x382d58]  _ZN14GenerateOopMap9do_methodEiiii+0x40
V  [libjvm.dylib+0x3816eb]  _ZN14GenerateOopMap9interp_bbEP10BasicBlock+0x105
V  [libjvm.dylib+0x381401]  _ZN14GenerateOopMap10interp_allEv+0x53
V  [libjvm.dylib+0x3810e7]  _ZN14GenerateOopMap17do_interpretationEv+0x4b
V  [libjvm.dylib+0x3835b1]  _ZN14GenerateOopMap11compute_mapEP6Thread+0x16b
V  [libjvm.dylib+0x62b7d8]  _ZN19OopMapForCacheEntry11compute_mapEP6Thread+0x60
V  [libjvm.dylib+0x62c0c4]  _ZN16OopMapCacheEntry4fillERK12methodHandlei+0xac
V  [libjvm.dylib+0x62ca8c]  _ZN11OopMapCache19compute_one_oop_mapERK12methodHandleiP17InterpreterOopMap+0x11a
V  [libjvm.dylib+0x5f1155]  _ZN6Method8mask_forEiP17InterpreterOopMap+0x7f
V  [libjvm.dylib+0x4dda69]  _ZN16VM_GetOrSetLocal4doitEv+0x47
V  [libjvm.dylib+0x7a38d9]  _ZN12VM_Operation8evaluateEv+0xf1
V  [libjvm.dylib+0x7a2dc2]  _ZN8VMThread18evaluate_operationEP12VM_Operation+0xd4
V  [libjvm.dylib+0x7a2a76]  _ZN8VMThread4loopEv+0x340
V  [libjvm.dylib+0x7a2649]  _ZN8VMThread3runEv+0x75
V  [libjvm.dylib+0x633a5f]  _ZL19thread_native_entryP6Thread+0x12b
C  [libsystem_pthread.dylib+0x36c1]  _pthread_body+0x154
C  [libsystem_pthread.dylib+0x356d]  _pthread_body+0x0
C  [libsystem_pthread.dylib+0x2c5d]  thread_start+0xd


siginfo: si_signo: 10 (SIGBUS), si_code: 2 (BUS_ADRERR), si_addr: 0x000000010a3f56a0

Register to memory mapping:

RAX=0x000000010a261378 is pointing into metadata
RBX=0x000000010a2601c8 is pointing into metadata
RCX=0x0000000000194300 is an unknown value
RDX=0x0000000000000000 is an unknown value
RSP=0x0000700001bca1b0 is an unknown value
RBP=0x0000700001bca1b0 is an unknown value
RSI=0x000000000000ca18 is an unknown value
RDI=0x000000010a2601c8 is pointing into metadata
R8 =0x0000000000000033 is an unknown value
R9 =0x000000008fffffff is an unknown value
R10=0x00000000fffc0000 is an unknown value
R11=0xffffffffffffffc0 is an unknown value
R12=0x0000700001bca670 is an unknown value
R13=0x0000700001bca828 is an unknown value
R14=0x0000000000000000 is an unknown value
R15=0x0000000000000033 is an unknown value


Registers:
RAX=0x000000010a261378, RBX=0x000000010a2601c8, RCX=0x0000000000194300, RDX=0x0000000000000000
RSP=0x0000700001bca1b0, RBP=0x0000700001bca1b0, RSI=0x000000000000ca18, RDI=0x000000010a2601c8
R8 =0x0000000000000033, R9 =0x000000008fffffff, R10=0x00000000fffc0000, R11=0xffffffffffffffc0
R12=0x0000700001bca670, R13=0x0000700001bca828, R14=0x0000000000000000, R15=0x0000000000000033
RIP=0x0000000101a84558, EFLAGS=0x0000000000010206, ERR=0x0000000000000004
  TRAPNO=0x000000000000000e

Top of Stack: (sp=0x0000700001bca1b0)
0x0000700001bca1b0:   0000700001bca1d0 0000000101a845ad
0x0000700001bca1c0:   000000010a261200 0000700001bca828
0x0000700001bca1d0:   0000700001bca660 0000000101b82d58
0x0000700001bca1e0:   000000010215ce40 000000010a5e2528
0x0000700001bca1f0:   0000000000000002 000070000000000a
0x0000700001bca200:   0000700001bca210 0000000000000001
0x0000700001bca210:   2fffffff4fffffff 000000002fffffff
0x0000700001bca220:   0000000000000000 0000000000000001
0x0000700001bca230:   0000000000000000 0000000000000002
0x0000700001bca240:   0000000000000032 0000000000000000
0x0000700001bca250:   0000000000000000 0000000000000000
0x0000700001bca260:   0000700001bca290 0000000000000000
0x0000700001bca270:   0000000000000000 0000000000000001
0x0000700001bca280:   0000000000000000 0000700001bca618
0x0000700001bca290:   0000700001bca2a0 0000000000000000
0x0000700001bca2a0:   0000000102017c7a 0000000000000008
0x0000700001bca2b0:   0000700001bca44f 0000000000000001
0x0000700001bca2c0:   0000700001bca750 0000000101b82e98
0x0000700001bca2d0:   000000010215ce40 000000010a5e2528
0x0000700001bca2e0:   0000000000000002 000000000000000a
0x0000700001bca2f0:   0000700001bca300 0000000000000001
0x0000700001bca300:   2fffffff4fffffff 000000002fffffff
0x0000700001bca310:   0000000000000000 0000000000000000
0x0000700001bca320:   0000000000000000 0000000000000000
0x0000700001bca330:   0000000000000000 0000000102017c84
0x0000700001bca340:   0000000000000000 0000000000000000
0x0000700001bca350:   0000000000000032 0000700001bca910
0x0000700001bca360:   ffffffffffffffff 0000000300000000
0x0000700001bca370:   0000700001bca44f 00007fffb327b6b8
0x0000700001bca380:   0000000000000000 0000000000580000
0x0000700001bca390:   0000700001bca3e0 00007fff7a2c0aa7
0x0000700001bca3a0:   0000700001bca4f0 0000000000000000 

Instructions: (pc=0x0000000101a84558)
0x0000000101a84538:   c7 40 5d c3 55 48 89 e5 84 d2 75 1e 48 8b 47 10
0x0000000101a84548:   48 85 c0 74 15 85 f6 78 30 48 63 ce 48 c1 e1 05
0x0000000101a84558:   48 8b 44 08 28 0f b7 f0 eb 11 48 8b 4f 08 48 63
0x0000000101a84568:   c6 0f b6 4c 01 04 83 f9 12 74 03 48 63 c6 48 8d 

VM_Operation (0x00007000023e29b8): GetOrSetLocal, mode: safepoint, requested by thread 0x00007f90571b4000


---------------  P R O C E S S  ---------------

Threads class SMR info:
_java_thread_list=0x00007f9056745070, length=13, elements={
0x00007f9057806000, 0x00007f9057881000, 0x00007f9056803000, 0x00007f905788a800,
0x00007f905701f000, 0x00007f905788b800, 0x00007f905788c800, 0x00007f9058048800,
0x00007f90571b4000, 0x00007f90571b4800, 0x00007f90571aa800, 0x00007f90580b9800,
0x00007f9057246000
}

Java Threads: ( => current thread )
  0x00007f9057806000 JavaThread "main" [_thread_blocked, id=6403, stack(0x00000001025a0000,0x00000001026a0000)]
  0x00007f9057881000 JavaThread "Reference Handler" daemon [_thread_blocked, id=17667, stack(0x0000700001bce000,0x0000700001cce000)]
  0x00007f9056803000 JavaThread "Finalizer" daemon [_thread_blocked, id=17155, stack(0x0000700001cd1000,0x0000700001dd1000)]
  0x00007f905788a800 JavaThread "Signal Dispatcher" daemon [_thread_blocked, id=43011, stack(0x0000700001dd4000,0x0000700001ed4000)]
  0x00007f905701f000 JavaThread "C2 CompilerThread0" daemon [_thread_blocked, id=42499, stack(0x0000700001ed7000,0x0000700001fd7000)]
  0x00007f905788b800 JavaThread "C2 CompilerThread1" daemon [_thread_blocked, id=41987, stack(0x0000700001fda000,0x00007000020da000)]
  0x00007f905788c800 JavaThread "C1 CompilerThread2" daemon [_thread_blocked, id=41475, stack(0x00007000020dd000,0x00007000021dd000)]
  0x00007f9058048800 JavaThread "Sweeper thread" daemon [_thread_blocked, id=23555, stack(0x00007000021e0000,0x00007000022e0000)]
  0x00007f90571b4000 JavaThread "JDWP Transport Listener: dt_socket" daemon [_thread_blocked, id=23811, stack(0x00007000022e3000,0x00007000023e3000)] _threads_hazard_ptr=0x00007f9056745070
  0x00007f90571b4800 JavaThread "JDWP Event Helper Thread" daemon [_thread_blocked, id=24067, stack(0x00007000023e6000,0x00007000024e6000)]
  0x00007f90571aa800 JavaThread "JDWP Command Reader" daemon [_thread_in_native, id=39683, stack(0x00007000024e9000,0x00007000025e9000)]
  0x00007f90580b9800 JavaThread "Common-Cleaner" daemon [_thread_blocked, id=24579, stack(0x00007000025ec000,0x00007000026ec000)]
  0x00007f9057246000 JavaThread "Service Thread" daemon [_thread_blocked, id=25347, stack(0x00007000026ef000,0x00007000027ef000)]

Other Threads:
=>0x00007f9058039000 VMThread "VM Thread" [stack: 0x0000700001acb000,0x0000700001bcb000] [id=14339]
  0x00007f905708a800 WatcherThread [stack: 0x00007000027f2000,0x00007000028f2000] [id=25859]
  0x00007f9057006800 GCTaskThread "GC Thread#0" [stack: 0x0000700000faa000,0x00007000010aa000] [id=20995]
  0x00007f9057007000 GCTaskThread "GC Thread#1" [stack: 0x00007000010ad000,0x00007000011ad000] [id=11267]
  0x00007f9057008000 GCTaskThread "GC Thread#2" [stack: 0x00007000011b0000,0x00007000012b0000] [id=11779]
  0x00007f9057008800 GCTaskThread "GC Thread#3" [stack: 0x00007000012b3000,0x00007000013b3000] [id=20483]
  0x00007f905802f000 ConcurrentGCThread "G1 Main Marker" [stack: 0x00007000013b6000,0x00007000014b6000] [id=19971]
  0x00007f905780f000 ConcurrentGCThread "G1 Conc#0" [stack: 0x00007000014b9000,0x00007000015b9000] [id=12547]
  0x00007f9057850000 ConcurrentGCThread "G1 Refine#0" [stack: 0x00007000015bc000,0x00007000016bc000] [id=13059]
  0x00007f9057850800 ConcurrentGCThread "G1 Refine#1" [stack: 0x00007000016bf000,0x00007000017bf000] [id=19203]
  0x00007f9057851800 ConcurrentGCThread "G1 Refine#2" [stack: 0x00007000017c2000,0x00007000018c2000] [id=13571]
  0x00007f9057852000 ConcurrentGCThread "G1 Refine#3" [stack: 0x00007000018c5000,0x00007000019c5000] [id=13827]
  0x00007f9057853000 ConcurrentGCThread "G1 Young RemSet Sampling" [stack: 0x00007000019c8000,0x0000700001ac8000] [id=18435]

Threads with active compile tasks:

VM state:at safepoint (normal execution)

VM Mutex/Monitor currently owned by a thread:  ([mutex/lock_event])
[0x00007f9056609190] Threads_lock - owner thread: 0x00007f9058039000

Heap address: 0x0000000740000000, size: 2048 MB, Compressed Oops mode: Zero based, Oop shift amount: 3
Narrow klass base: 0x0000000000000000, Narrow klass shift: 3
Compressed class space size: 1073741824 Address: 0x00000007c0000000

Heap:
 garbage-first heap   total 131072K, used 2048K [0x0000000740000000, 0x00000007c0000000)
  region size 1024K, 3 young (3072K), 0 survivors (0K)
 Metaspace       used 5134K, capacity 5232K, committed 5376K, reserved 1056768K
  class space    used 429K, capacity 464K, committed 512K, reserved 1048576K
Heap Regions: E=young(eden), S=young(survivor), O=old, HS=humongous(starts), HC=humongous(continues), CS=collection set, F=free, A=archive, TS=gc time stamp, AC=allocation context, TAMS=top-at-mark-start (previous, next)
|   0|0x0000000740000000, 0x0000000740000000, 0x0000000740100000|  0%| F|  |TS  0|AC  0|TAMS 0x0000000740000000, 0x0000000740000000|
|   1|0x0000000740100000, 0x0000000740100000, 0x0000000740200000|  0%| F|  |TS  0|AC  0|TAMS 0x0000000740100000, 0x0000000740100000|
|   2|0x0000000740200000, 0x0000000740200000, 0x0000000740300000|  0%| F|  |TS  0|AC  0|TAMS 0x0000000740200000, 0x0000000740200000|
|   3|0x0000000740300000, 0x0000000740300000, 0x0000000740400000|  0%| F|  |TS  0|AC  0|TAMS 0x0000000740300000, 0x0000000740300000|
|   4|0x0000000740400000, 0x0000000740400000, 0x0000000740500000|  0%| F|  |TS  0|AC  0|TAMS 0x0000000740400000, 0x0000000740400000|
|   5|0x0000000740500000, 0x0000000740500000, 0x0000000740600000|  0%| F|  |TS  0|AC  0|TAMS 0x0000000740500000, 0x0000000740500000|
|   6|0x0000000740600000, 0x0000000740600000, 0x0000000740700000|  0%| F|  |TS  0|AC  0|TAMS 0x0000000740600000, 0x0000000740600000|
|   7|0x0000000740700000, 0x0000000740700000, 0x0000000740800000|  0%| F|  |TS  0|AC  0|TAMS 0x0000000740700000, 0x0000000740700000|
|   8|0x0000000740800000, 0x0000000740800000, 0x0000000740900000|  0%| F|  |TS  0|AC  0|TAMS 0x0000000740800000, 0x0000000740800000|
|   9|0x0000000740900000, 0x0000000740900000, 0x0000000740a00000|  0%| F|  |TS  0|AC  0|TAMS 0x0000000740900000, 0x0000000740900000|
|  10|0x0000000740a00000, 0x0000000740a00000, 0x0000000740b00000|  0%| F|  |TS  0|AC  0|TAMS 0x0000000740a00000, 0x0000000740a00000|
|  11|0x0000000740b00000, 0x0000000740b00000, 0x0000000740c00000|  0%| F|  |TS  0|AC  0|TAMS 0x0000000740b00000, 0x0000000740b00000|
|  12|0x0000000740c00000, 0x0000000740c00000, 0x0000000740d00000|  0%| F|  |TS  0|AC  0|TAMS 0x0000000740c00000, 0x0000000740c00000|
|  13|0x0000000740d00000, 0x0000000740d00000, 0x0000000740e00000|  0%| F|  |TS  0|AC  0|TAMS 0x0000000740d00000, 0x0000000740d00000|
|  14|0x0000000740e00000, 0x0000000740e00000, 0x0000000740f00000|  0%| F|  |TS  0|AC  0|TAMS 0x0000000740e00000, 0x0000000740e00000|
|  15|0x0000000740f00000, 0x0000000740f00000, 0x0000000741000000|  0%| F|  |TS  0|AC  0|TAMS 0x0000000740f00000, 0x0000000740f00000|
|  16|0x0000000741000000, 0x0000000741000000, 0x0000000741100000|  0%| F|  |TS  0|AC  0|TAMS 0x0000000741000000, 0x0000000741000000|
|  17|0x0000000741100000, 0x0000000741100000, 0x0000000741200000|  0%| F|  |TS  0|AC  0|TAMS 0x0000000741100000, 0x0000000741100000|
|  18|0x0000000741200000, 0x0000000741200000, 0x0000000741300000|  0%| F|  |TS  0|AC  0|TAMS 0x0000000741200000, 0x0000000741200000|
|  19|0x0000000741300000, 0x0000000741300000, 0x0000000741400000|  0%| F|  |TS  0|AC  0|TAMS 0x0000000741300000, 0x0000000741300000|
|  20|0x0000000741400000, 0x0000000741400000, 0x0000000741500000|  0%| F|  |TS  0|AC  0|TAMS 0x0000000741400000, 0x0000000741400000|
|  21|0x0000000741500000, 0x0000000741500000, 0x0000000741600000|  0%| F|  |TS  0|AC  0|TAMS 0x0000000741500000, 0x0000000741500000|
|  22|0x0000000741600000, 0x0000000741600000, 0x0000000741700000|  0%| F|  |TS  0|AC  0|TAMS 0x0000000741600000, 0x0000000741600000|
|  23|0x0000000741700000, 0x0000000741700000, 0x0000000741800000|  0%| F|  |TS  0|AC  0|TAMS 0x0000000741700000, 0x0000000741700000|
|  24|0x0000000741800000, 0x0000000741800000, 0x0000000741900000|  0%| F|  |TS  0|AC  0|TAMS 0x0000000741800000, 0x0000000741800000|
|  25|0x0000000741900000, 0x0000000741900000, 0x0000000741a00000|  0%| F|  |TS  0|AC  0|TAMS 0x0000000741900000, 0x0000000741900000|
|  26|0x0000000741a00000, 0x0000000741a00000, 0x0000000741b00000|  0%| F|  |TS  0|AC  0|TAMS 0x0000000741a00000, 0x0000000741a00000|
|  27|0x0000000741b00000, 0x0000000741b00000, 0x0000000741c00000|  0%| F|  |TS  0|AC  0|TAMS 0x0000000741b00000, 0x0000000741b00000|
|  28|0x0000000741c00000, 0x0000000741c00000, 0x0000000741d00000|  0%| F|  |TS  0|AC  0|TAMS 0x0000000741c00000, 0x0000000741c00000|
|  29|0x0000000741d00000, 0x0000000741d00000, 0x0000000741e00000|  0%| F|  |TS  0|AC  0|TAMS 0x0000000741d00000, 0x0000000741d00000|
|  30|0x0000000741e00000, 0x0000000741e00000, 0x0000000741f00000|  0%| F|  |TS  0|AC  0|TAMS 0x0000000741e00000, 0x0000000741e00000|
|  31|0x0000000741f00000, 0x0000000741f00000, 0x0000000742000000|  0%| F|  |TS  0|AC  0|TAMS 0x0000000741f00000, 0x0000000741f00000|
|  32|0x0000000742000000, 0x0000000742000000, 0x0000000742100000|  0%| F|  |TS  0|AC  0|TAMS 0x0000000742000000, 0x0000000742000000|
|  33|0x0000000742100000, 0x0000000742100000, 0x0000000742200000|  0%| F|  |TS  0|AC  0|TAMS 0x0000000742100000, 0x0000000742100000|
|  34|0x0000000742200000, 0x0000000742200000, 0x0000000742300000|  0%| F|  |TS  0|AC  0|TAMS 0x0000000742200000, 0x0000000742200000|
|  35|0x0000000742300000, 0x0000000742300000, 0x0000000742400000|  0%| F|  |TS  0|AC  0|TAMS 0x0000000742300000, 0x0000000742300000|
|  36|0x0000000742400000, 0x0000000742400000, 0x0000000742500000|  0%| F|  |TS  0|AC  0|TAMS 0x0000000742400000, 0x0000000742400000|
|  37|0x0000000742500000, 0x0000000742500000, 0x0000000742600000|  0%| F|  |TS  0|AC  0|TAMS 0x0000000742500000, 0x0000000742500000|
|  38|0x0000000742600000, 0x0000000742600000, 0x0000000742700000|  0%| F|  |TS  0|AC  0|TAMS 0x0000000742600000, 0x0000000742600000|
|  39|0x0000000742700000, 0x0000000742700000, 0x0000000742800000|  0%| F|  |TS  0|AC  0|TAMS 0x0000000742700000, 0x0000000742700000|
|  40|0x0000000742800000, 0x0000000742800000, 0x0000000742900000|  0%| F|  |TS  0|AC  0|TAMS 0x0000000742800000, 0x0000000742800000|
|  41|0x0000000742900000, 0x0000000742900000, 0x0000000742a00000|  0%| F|  |TS  0|AC  0|TAMS 0x0000000742900000, 0x0000000742900000|
|  42|0x0000000742a00000, 0x0000000742a00000, 0x0000000742b00000|  0%| F|  |TS  0|AC  0|TAMS 0x0000000742a00000, 0x0000000742a00000|
|  43|0x0000000742b00000, 0x0000000742b00000, 0x0000000742c00000|  0%| F|  |TS  0|AC  0|TAMS 0x0000000742b00000, 0x0000000742b00000|
|  44|0x0000000742c00000, 0x0000000742c00000, 0x0000000742d00000|  0%| F|  |TS  0|AC  0|TAMS 0x0000000742c00000, 0x0000000742c00000|
|  45|0x0000000742d00000, 0x0000000742d00000, 0x0000000742e00000|  0%| F|  |TS  0|AC  0|TAMS 0x0000000742d00000, 0x0000000742d00000|
|  46|0x0000000742e00000, 0x0000000742e00000, 0x0000000742f00000|  0%| F|  |TS  0|AC  0|TAMS 0x0000000742e00000, 0x0000000742e00000|
|  47|0x0000000742f00000, 0x0000000742f00000, 0x0000000743000000|  0%| F|  |TS  0|AC  0|TAMS 0x0000000742f00000, 0x0000000742f00000|
|  48|0x0000000743000000, 0x0000000743000000, 0x0000000743100000|  0%| F|  |TS  0|AC  0|TAMS 0x0000000743000000, 0x0000000743000000|
|  49|0x0000000743100000, 0x0000000743100000, 0x0000000743200000|  0%| F|  |TS  0|AC  0|TAMS 0x0000000743100000, 0x0000000743100000|
|  50|0x0000000743200000, 0x0000000743200000, 0x0000000743300000|  0%| F|  |TS  0|AC  0|TAMS 0x0000000743200000, 0x0000000743200000|
|  51|0x0000000743300000, 0x0000000743300000, 0x0000000743400000|  0%| F|  |TS  0|AC  0|TAMS 0x0000000743300000, 0x0000000743300000|
|  52|0x0000000743400000, 0x0000000743400000, 0x0000000743500000|  0%| F|  |TS  0|AC  0|TAMS 0x0000000743400000, 0x0000000743400000|
|  53|0x0000000743500000, 0x0000000743500000, 0x0000000743600000|  0%| F|  |TS  0|AC  0|TAMS 0x0000000743500000, 0x0000000743500000|
|  54|0x0000000743600000, 0x0000000743600000, 0x0000000743700000|  0%| F|  |TS  0|AC  0|TAMS 0x0000000743600000, 0x0000000743600000|
|  55|0x0000000743700000, 0x0000000743700000, 0x0000000743800000|  0%| F|  |TS  0|AC  0|TAMS 0x0000000743700000, 0x0000000743700000|
|  56|0x0000000743800000, 0x0000000743800000, 0x0000000743900000|  0%| F|  |TS  0|AC  0|TAMS 0x0000000743800000, 0x0000000743800000|
|  57|0x0000000743900000, 0x0000000743900000, 0x0000000743a00000|  0%| F|  |TS  0|AC  0|TAMS 0x0000000743900000, 0x0000000743900000|
|  58|0x0000000743a00000, 0x0000000743a00000, 0x0000000743b00000|  0%| F|  |TS  0|AC  0|TAMS 0x0000000743a00000, 0x0000000743a00000|
|  59|0x0000000743b00000, 0x0000000743b00000, 0x0000000743c00000|  0%| F|  |TS  0|AC  0|TAMS 0x0000000743b00000, 0x0000000743b00000|
|  60|0x0000000743c00000, 0x0000000743c00000, 0x0000000743d00000|  0%| F|  |TS  0|AC  0|TAMS 0x0000000743c00000, 0x0000000743c00000|
|  61|0x0000000743d00000, 0x0000000743d00000, 0x0000000743e00000|  0%| F|  |TS  0|AC  0|TAMS 0x0000000743d00000, 0x0000000743d00000|
|  62|0x0000000743e00000, 0x0000000743e00000, 0x0000000743f00000|  0%| F|  |TS  0|AC  0|TAMS 0x0000000743e00000, 0x0000000743e00000|
|  63|0x0000000743f00000, 0x0000000743f00000, 0x0000000744000000|  0%| F|  |TS  0|AC  0|TAMS 0x0000000743f00000, 0x0000000743f00000|
|  64|0x0000000744000000, 0x0000000744000000, 0x0000000744100000|  0%| F|  |TS  0|AC  0|TAMS 0x0000000744000000, 0x0000000744000000|
|  65|0x0000000744100000, 0x0000000744100000, 0x0000000744200000|  0%| F|  |TS  0|AC  0|TAMS 0x0000000744100000, 0x0000000744100000|
|  66|0x0000000744200000, 0x0000000744200000, 0x0000000744300000|  0%| F|  |TS  0|AC  0|TAMS 0x0000000744200000, 0x0000000744200000|
|  67|0x0000000744300000, 0x0000000744300000, 0x0000000744400000|  0%| F|  |TS  0|AC  0|TAMS 0x0000000744300000, 0x0000000744300000|
|  68|0x0000000744400000, 0x0000000744400000, 0x0000000744500000|  0%| F|  |TS  0|AC  0|TAMS 0x0000000744400000, 0x0000000744400000|
|  69|0x0000000744500000, 0x0000000744500000, 0x0000000744600000|  0%| F|  |TS  0|AC  0|TAMS 0x0000000744500000, 0x0000000744500000|
|  70|0x0000000744600000, 0x0000000744600000, 0x0000000744700000|  0%| F|  |TS  0|AC  0|TAMS 0x0000000744600000, 0x0000000744600000|
|  71|0x0000000744700000, 0x0000000744700000, 0x0000000744800000|  0%| F|  |TS  0|AC  0|TAMS 0x0000000744700000, 0x0000000744700000|
|  72|0x0000000744800000, 0x0000000744800000, 0x0000000744900000|  0%| F|  |TS  0|AC  0|TAMS 0x0000000744800000, 0x0000000744800000|
|  73|0x0000000744900000, 0x0000000744900000, 0x0000000744a00000|  0%| F|  |TS  0|AC  0|TAMS 0x0000000744900000, 0x0000000744900000|
|  74|0x0000000744a00000, 0x0000000744a00000, 0x0000000744b00000|  0%| F|  |TS  0|AC  0|TAMS 0x0000000744a00000, 0x0000000744a00000|
|  75|0x0000000744b00000, 0x0000000744b00000, 0x0000000744c00000|  0%| F|  |TS  0|AC  0|TAMS 0x0000000744b00000, 0x0000000744b00000|
|  76|0x0000000744c00000, 0x0000000744c00000, 0x0000000744d00000|  0%| F|  |TS  0|AC  0|TAMS 0x0000000744c00000, 0x0000000744c00000|
|  77|0x0000000744d00000, 0x0000000744d00000, 0x0000000744e00000|  0%| F|  |TS  0|AC  0|TAMS 0x0000000744d00000, 0x0000000744d00000|
|  78|0x0000000744e00000, 0x0000000744e00000, 0x0000000744f00000|  0%| F|  |TS  0|AC  0|TAMS 0x0000000744e00000, 0x0000000744e00000|
|  79|0x0000000744f00000, 0x0000000744f00000, 0x0000000745000000|  0%| F|  |TS  0|AC  0|TAMS 0x0000000744f00000, 0x0000000744f00000|
|  80|0x0000000745000000, 0x0000000745000000, 0x0000000745100000|  0%| F|  |TS  0|AC  0|TAMS 0x0000000745000000, 0x0000000745000000|
|  81|0x0000000745100000, 0x0000000745100000, 0x0000000745200000|  0%| F|  |TS  0|AC  0|TAMS 0x0000000745100000, 0x0000000745100000|
|  82|0x0000000745200000, 0x0000000745200000, 0x0000000745300000|  0%| F|  |TS  0|AC  0|TAMS 0x0000000745200000, 0x0000000745200000|
|  83|0x0000000745300000, 0x0000000745300000, 0x0000000745400000|  0%| F|  |TS  0|AC  0|TAMS 0x0000000745300000, 0x0000000745300000|
|  84|0x0000000745400000, 0x0000000745400000, 0x0000000745500000|  0%| F|  |TS  0|AC  0|TAMS 0x0000000745400000, 0x0000000745400000|
|  85|0x0000000745500000, 0x0000000745500000, 0x0000000745600000|  0%| F|  |TS  0|AC  0|TAMS 0x0000000745500000, 0x0000000745500000|
|  86|0x0000000745600000, 0x0000000745600000, 0x0000000745700000|  0%| F|  |TS  0|AC  0|TAMS 0x0000000745600000, 0x0000000745600000|
|  87|0x0000000745700000, 0x0000000745700000, 0x0000000745800000|  0%| F|  |TS  0|AC  0|TAMS 0x0000000745700000, 0x0000000745700000|
|  88|0x0000000745800000, 0x0000000745800000, 0x0000000745900000|  0%| F|  |TS  0|AC  0|TAMS 0x0000000745800000, 0x0000000745800000|
|  89|0x0000000745900000, 0x0000000745900000, 0x0000000745a00000|  0%| F|  |TS  0|AC  0|TAMS 0x0000000745900000, 0x0000000745900000|
|  90|0x0000000745a00000, 0x0000000745a00000, 0x0000000745b00000|  0%| F|  |TS  0|AC  0|TAMS 0x0000000745a00000, 0x0000000745a00000|
|  91|0x0000000745b00000, 0x0000000745b00000, 0x0000000745c00000|  0%| F|  |TS  0|AC  0|TAMS 0x0000000745b00000, 0x0000000745b00000|
|  92|0x0000000745c00000, 0x0000000745c00000, 0x0000000745d00000|  0%| F|  |TS  0|AC  0|TAMS 0x0000000745c00000, 0x0000000745c00000|
|  93|0x0000000745d00000, 0x0000000745d00000, 0x0000000745e00000|  0%| F|  |TS  0|AC  0|TAMS 0x0000000745d00000, 0x0000000745d00000|
|  94|0x0000000745e00000, 0x0000000745e00000, 0x0000000745f00000|  0%| F|  |TS  0|AC  0|TAMS 0x0000000745e00000, 0x0000000745e00000|
|  95|0x0000000745f00000, 0x0000000745f00000, 0x0000000746000000|  0%| F|  |TS  0|AC  0|TAMS 0x0000000745f00000, 0x0000000745f00000|
|  96|0x0000000746000000, 0x0000000746000000, 0x0000000746100000|  0%| F|  |TS  0|AC  0|TAMS 0x0000000746000000, 0x0000000746000000|
|  97|0x0000000746100000, 0x0000000746100000, 0x0000000746200000|  0%| F|  |TS  0|AC  0|TAMS 0x0000000746100000, 0x0000000746100000|
|  98|0x0000000746200000, 0x0000000746200000, 0x0000000746300000|  0%| F|  |TS  0|AC  0|TAMS 0x0000000746200000, 0x0000000746200000|
|  99|0x0000000746300000, 0x0000000746300000, 0x0000000746400000|  0%| F|  |TS  0|AC  0|TAMS 0x0000000746300000, 0x0000000746300000|
| 100|0x0000000746400000, 0x0000000746400000, 0x0000000746500000|  0%| F|  |TS  0|AC  0|TAMS 0x0000000746400000, 0x0000000746400000|
| 101|0x0000000746500000, 0x0000000746500000, 0x0000000746600000|  0%| F|  |TS  0|AC  0|TAMS 0x0000000746500000, 0x0000000746500000|
| 102|0x0000000746600000, 0x0000000746600000, 0x0000000746700000|  0%| F|  |TS  0|AC  0|TAMS 0x0000000746600000, 0x0000000746600000|
| 103|0x0000000746700000, 0x0000000746700000, 0x0000000746800000|  0%| F|  |TS  0|AC  0|TAMS 0x0000000746700000, 0x0000000746700000|
| 104|0x0000000746800000, 0x0000000746800000, 0x0000000746900000|  0%| F|  |TS  0|AC  0|TAMS 0x0000000746800000, 0x0000000746800000|
| 105|0x0000000746900000, 0x0000000746900000, 0x0000000746a00000|  0%| F|  |TS  0|AC  0|TAMS 0x0000000746900000, 0x0000000746900000|
| 106|0x0000000746a00000, 0x0000000746a00000, 0x0000000746b00000|  0%| F|  |TS  0|AC  0|TAMS 0x0000000746a00000, 0x0000000746a00000|
| 107|0x0000000746b00000, 0x0000000746b00000, 0x0000000746c00000|  0%| F|  |TS  0|AC  0|TAMS 0x0000000746b00000, 0x0000000746b00000|
| 108|0x0000000746c00000, 0x0000000746c00000, 0x0000000746d00000|  0%| F|  |TS  0|AC  0|TAMS 0x0000000746c00000, 0x0000000746c00000|
| 109|0x0000000746d00000, 0x0000000746d00000, 0x0000000746e00000|  0%| F|  |TS  0|AC  0|TAMS 0x0000000746d00000, 0x0000000746d00000|
| 110|0x0000000746e00000, 0x0000000746e00000, 0x0000000746f00000|  0%| F|  |TS  0|AC  0|TAMS 0x0000000746e00000, 0x0000000746e00000|
| 111|0x0000000746f00000, 0x0000000746f00000, 0x0000000747000000|  0%| F|  |TS  0|AC  0|TAMS 0x0000000746f00000, 0x0000000746f00000|
| 112|0x0000000747000000, 0x0000000747000000, 0x0000000747100000|  0%| F|  |TS  0|AC  0|TAMS 0x0000000747000000, 0x0000000747000000|
| 113|0x0000000747100000, 0x0000000747100000, 0x0000000747200000|  0%| F|  |TS  0|AC  0|TAMS 0x0000000747100000, 0x0000000747100000|
| 114|0x0000000747200000, 0x0000000747200000, 0x0000000747300000|  0%| F|  |TS  0|AC  0|TAMS 0x0000000747200000, 0x0000000747200000|
| 115|0x0000000747300000, 0x0000000747300000, 0x0000000747400000|  0%| F|  |TS  0|AC  0|TAMS 0x0000000747300000, 0x0000000747300000|
| 116|0x0000000747400000, 0x0000000747400000, 0x0000000747500000|  0%| F|  |TS  0|AC  0|TAMS 0x0000000747400000, 0x0000000747400000|
| 117|0x0000000747500000, 0x0000000747500000, 0x0000000747600000|  0%| F|  |TS  0|AC  0|TAMS 0x0000000747500000, 0x0000000747500000|
| 118|0x0000000747600000, 0x0000000747600000, 0x0000000747700000|  0%| F|  |TS  0|AC  0|TAMS 0x0000000747600000, 0x0000000747600000|
| 119|0x0000000747700000, 0x0000000747700000, 0x0000000747800000|  0%| F|  |TS  0|AC  0|TAMS 0x0000000747700000, 0x0000000747700000|
| 120|0x0000000747800000, 0x0000000747800000, 0x0000000747900000|  0%| F|  |TS  0|AC  0|TAMS 0x0000000747800000, 0x0000000747800000|
| 121|0x0000000747900000, 0x0000000747900000, 0x0000000747a00000|  0%| F|  |TS  0|AC  0|TAMS 0x0000000747900000, 0x0000000747900000|
| 122|0x0000000747a00000, 0x0000000747a00000, 0x0000000747b00000|  0%| F|  |TS  0|AC  0|TAMS 0x0000000747a00000, 0x0000000747a00000|
| 123|0x0000000747b00000, 0x0000000747b00000, 0x0000000747c00000|  0%| F|  |TS  0|AC  0|TAMS 0x0000000747b00000, 0x0000000747b00000|
| 124|0x0000000747c00000, 0x0000000747c00000, 0x0000000747d00000|  0%| F|  |TS  0|AC  0|TAMS 0x0000000747c00000, 0x0000000747c00000|
| 125|0x0000000747d00000, 0x0000000747d902b0, 0x0000000747e00000| 56%| E|  |TS  0|AC  0|TAMS 0x0000000747d00000, 0x0000000747d00000|
| 126|0x0000000747e00000, 0x0000000747f00000, 0x0000000747f00000|100%| E|CS|TS  0|AC  0|TAMS 0x0000000747e00000, 0x0000000747e00000|
| 127|0x0000000747f00000, 0x0000000748000000, 0x0000000748000000|100%| E|CS|TS  0|AC  0|TAMS 0x0000000747f00000, 0x0000000747f00000|

Card table byte_map: [0x0000000103118000,0x0000000103518000] byte_map_base: 0x00000000ff718000

Marking Bits (Prev, Next): (CMBitMap*) 0x00007f905802e460, (CMBitMap*) 0x00007f905802e498
 Prev Bits: [0x0000000103918000, 0x0000000105918000)
 Next Bits: [0x0000000105918000, 0x0000000107918000)

Polling page: 0x0000000100fab000

CodeHeap 'non-profiled nmethods': size=120032Kb used=72Kb max_used=72Kb free=119959Kb
 bounds [0x0000000120285000, 0x00000001204f5000, 0x00000001277bd000]
CodeHeap 'profiled nmethods': size=120032Kb used=264Kb max_used=264Kb free=119767Kb
 bounds [0x0000000118d4d000, 0x0000000118fbd000, 0x0000000120285000]
CodeHeap 'non-nmethods': size=5696Kb used=1070Kb max_used=1081Kb free=4625Kb
 bounds [0x00000001187bd000, 0x0000000118a2d000, 0x0000000118d4d000]
 total_blobs=561 nmethods=200 adapters=201
 compilation: enabled

Compilation events (10 events):
Event: 0.630 Thread 0x00007f905788b800 nmethod 197 0x0000000120296990 code [0x0000000120296b20, 0x0000000120296b98]
Event: 0.631 Thread 0x00007f905788c800 nmethod 196 0x0000000118d8cd90 code [0x0000000118d8cfe0, 0x0000000118d8d9d0]
Event: 0.631 Thread 0x00007f905788c800  198       3       java.lang.String::getBytes (44 bytes)
Event: 0.631 Thread 0x00007f905701f000  199       4       java.lang.String::charAt (25 bytes)
Event: 0.631 Thread 0x00007f905788c800 nmethod 198 0x0000000118d8dd10 code [0x0000000118d8df00, 0x0000000118d8e2d8]
Event: 0.633 Thread 0x00007f905701f000 nmethod 199 0x0000000120296c10 code [0x0000000120296da0, 0x0000000120296ef8]
Event: 0.707 Thread 0x00007f905788c800  200       3       java.lang.String::lastIndexOf (29 bytes)
Event: 0.707 Thread 0x00007f905788c800 nmethod 200 0x0000000118d8e490 code [0x0000000118d8e660, 0x0000000118d8e978]
Event: 0.722 Thread 0x00007f905788c800  201       3       java.lang.String::lastIndexOf (12 bytes)
Event: 0.723 Thread 0x00007f905788c800 nmethod 201 0x0000000118d8ea90 code [0x0000000118d8ec80, 0x0000000118d8f0d8]

GC Heap History (0 events):
No events

Deoptimization events (3 events):
Event: 0.441 Thread 0x00007f9057806000 Uncommon trap: reason=unstable_if action=reinterpret pc=0x0000000120290f10 method=java.util.HashMap.putVal(ILjava/lang/Object;Ljava/lang/Object;ZZ)Ljava/lang/Object; @ 69 c2
Event: 0.444 Thread 0x00007f9057806000 Uncommon trap: reason=unstable_if action=reinterpret pc=0x000000012028f180 method=java.util.HashMap.putVal(ILjava/lang/Object;Ljava/lang/Object;ZZ)Ljava/lang/Object; @ 69 c2
Event: 0.475 Thread 0x00007f9057806000 Uncommon trap: reason=unstable_if action=reinterpret pc=0x0000000120288204 method=java.lang.String.hashCode()I @ 14 c2

Classes redefined (4 events):
Event: 71.938 Thread 0x00007f9058039000 redefined class name=hw2.Percolation, count=1
Event: 71.939 Thread 0x00007f9058039000 redefined class name=hw2.Percolation$Grid, count=1
Event: 113.994 Thread 0x00007f9058039000 redefined class name=hw2.Percolation, count=2
Event: 113.994 Thread 0x00007f9058039000 redefined class name=hw2.Percolation$Grid, count=2

Internal exceptions (0 events):
No events

Events (10 events):
Event: 113.995 Executing VM operation: RedefineClasses done
Event: 113.996 Executing VM operation: GetFrameCount
Event: 113.996 Executing VM operation: GetFrameCount done
Event: 113.996 Executing VM operation: GetFrameCount
Event: 113.996 Executing VM operation: GetFrameCount done
Event: 113.996 Executing VM operation: GetFrameLocation
Event: 113.996 Executing VM operation: GetFrameLocation done
Event: 114.070 Executing VM operation: ChangeBreakpoints
Event: 114.070 Executing VM operation: ChangeBreakpoints done
Event: 114.299 Executing VM operation: GetOrSetLocal


Dynamic libraries:
0x00007fff52115000 	/System/Library/Frameworks/Cocoa.framework/Versions/A/Cocoa
0x00007fff5e4de000 	/System/Library/Frameworks/Security.framework/Versions/A/Security
0x00007fff50d84000 	/System/Library/Frameworks/ApplicationServices.framework/Versions/A/ApplicationServices
0x00007fff7a01a000 	/usr/lib/libz.1.dylib
0x00007fff7802e000 	/usr/lib/libSystem.B.dylib
0x00007fff528af000 	/System/Library/Frameworks/CoreFoundation.framework/Versions/A/CoreFoundation
0x00007fff549f3000 	/System/Library/Frameworks/Foundation.framework/Versions/C/Foundation
0x00007fff7962f000 	/usr/lib/libobjc.A.dylib
0x00007fff4fed5000 	/System/Library/Frameworks/AppKit.framework/Versions/C/AppKit
0x00007fff5248d000 	/System/Library/Frameworks/CoreData.framework/Versions/A/CoreData
0x00007fff71a71000 	/System/Library/PrivateFrameworks/RemoteViewServices.framework/Versions/A/RemoteViewServices
0x00007fff760c4000 	/System/Library/PrivateFrameworks/UIFoundation.framework/Versions/A/UIFoundation
0x00007fff66ad8000 	/System/Library/PrivateFrameworks/DFRFoundation.framework/Versions/A/DFRFoundation
0x00007fff56ec8000 	/System/Library/Frameworks/Metal.framework/Versions/A/Metal
0x00007fff66c79000 	/System/Library/PrivateFrameworks/DesktopServicesPriv.framework/Versions/A/DesktopServicesPriv
0x00007fff78c31000 	/usr/lib/libenergytrace.dylib
0x00007fff741e9000 	/System/Library/PrivateFrameworks/SkyLight.framework/Versions/A/SkyLight
0x00007fff52d51000 	/System/Library/Frameworks/CoreGraphics.framework/Versions/A/CoreGraphics
0x00007fff78029000 	/usr/lib/libScreenReader.dylib
0x00007fff4ee96000 	/System/Library/Frameworks/Accelerate.framework/Versions/A/Accelerate
0x00007fff5516a000 	/System/Library/Frameworks/IOSurface.framework/Versions/A/IOSurface
0x00007fff512ce000 	/System/Library/Frameworks/AudioToolbox.framework/Versions/A/AudioToolbox
0x00007fff5155b000 	/System/Library/Frameworks/AudioUnit.framework/Versions/A/AudioUnit
0x00007fff66b74000 	/System/Library/PrivateFrameworks/DataDetectorsCore.framework/Versions/A/DataDetectorsCore
0x00007fff51c1c000 	/System/Library/Frameworks/Carbon.framework/Versions/A/Frameworks/HIToolbox.framework/Versions/A/HIToolbox
0x00007fff78d8b000 	/usr/lib/libicucore.A.dylib
0x00007fff5da5d000 	/System/Library/Frameworks/QuartzCore.framework/Versions/A/QuartzCore
0x00007fff52002000 	/System/Library/Frameworks/Carbon.framework/Versions/A/Frameworks/SpeechRecognition.framework/Versions/A/SpeechRecognition
0x00007fff7818a000 	/usr/lib/libauto.dylib
0x00007fff79f09000 	/usr/lib/libxml2.2.dylib
0x00007fff66752000 	/System/Library/PrivateFrameworks/CoreUI.framework/Versions/A/CoreUI
0x00007fff52369000 	/System/Library/Frameworks/CoreAudio.framework/Versions/A/CoreAudio
0x00007fff5482d000 	/System/Library/Frameworks/DiskArbitration.framework/Versions/A/DiskArbitration
0x00007fff78fff000 	/usr/lib/liblangid.dylib
0x00007fff6dfc1000 	/System/Library/PrivateFrameworks/MultitouchSupport.framework/Versions/A/MultitouchSupport
0x00007fff550cd000 	/System/Library/Frameworks/IOKit.framework/Versions/A/IOKit
0x00007fff77cc6000 	/usr/lib/libDiagnosticMessagesClient.dylib
0x00007fff53a0e000 	/System/Library/Frameworks/CoreServices.framework/Versions/A/CoreServices
0x00007fff6fa5b000 	/System/Library/PrivateFrameworks/PerformanceAnalysis.framework/Versions/A/PerformanceAnalysis
0x00007fff5cc07000 	/System/Library/Frameworks/OpenGL.framework/Versions/A/OpenGL
0x00007fff52123000 	/System/Library/Frameworks/ColorSync.framework/Versions/A/ColorSync
0x00007fff53360000 	/System/Library/Frameworks/CoreImage.framework/Versions/A/CoreImage
0x00007fff5439e000 	/System/Library/Frameworks/CoreText.framework/Versions/A/CoreText
0x00007fff551c8000 	/System/Library/Frameworks/ImageIO.framework/Versions/A/ImageIO
0x00007fff62fac000 	/System/Library/PrivateFrameworks/Backup.framework/Versions/A/Backup
0x00007fff780da000 	/usr/lib/libarchive.2.dylib
0x00007fff51870000 	/System/Library/Frameworks/CFNetwork.framework/Versions/A/CFNetwork
0x00007fff5ec5a000 	/System/Library/Frameworks/SystemConfiguration.framework/Versions/A/SystemConfiguration
0x00007fff77bef000 	/usr/lib/libCRFSuite.dylib
0x00007fff78262000 	/usr/lib/libc++.1.dylib
0x00007fff782b9000 	/usr/lib/libc++abi.dylib
0x00007fff7a0ca000 	/usr/lib/system/libcache.dylib
0x00007fff7a0cf000 	/usr/lib/system/libcommonCrypto.dylib
0x00007fff7a0da000 	/usr/lib/system/libcompiler_rt.dylib
0x00007fff7a0e2000 	/usr/lib/system/libcopyfile.dylib
0x00007fff7a0eb000 	/usr/lib/system/libcorecrypto.dylib
0x00007fff7a1f8000 	/usr/lib/system/libdispatch.dylib
0x00007fff7a232000 	/usr/lib/system/libdyld.dylib
0x00007fff7a250000 	/usr/lib/system/libkeymgr.dylib
0x00007fff7a25e000 	/usr/lib/system/liblaunch.dylib
0x00007fff7a25f000 	/usr/lib/system/libmacho.dylib
0x00007fff7a264000 	/usr/lib/system/libquarantine.dylib
0x00007fff7a267000 	/usr/lib/system/libremovefile.dylib
0x00007fff7a269000 	/usr/lib/system/libsystem_asl.dylib
0x00007fff7a281000 	/usr/lib/system/libsystem_blocks.dylib
0x00007fff7a282000 	/usr/lib/system/libsystem_c.dylib
0x00007fff7a30c000 	/usr/lib/system/libsystem_configuration.dylib
0x00007fff7a310000 	/usr/lib/system/libsystem_coreservices.dylib
0x00007fff7a314000 	/usr/lib/system/libsystem_darwin.dylib
0x00007fff7a316000 	/usr/lib/system/libsystem_dnssd.dylib
0x00007fff7a31d000 	/usr/lib/system/libsystem_info.dylib
0x00007fff7a38d000 	/usr/lib/system/libsystem_m.dylib
0x00007fff7a3d9000 	/usr/lib/system/libsystem_malloc.dylib
0x00007fff7a3f9000 	/usr/lib/system/libsystem_network.dylib
0x00007fff7a49e000 	/usr/lib/system/libsystem_networkextension.dylib
0x00007fff7a4a9000 	/usr/lib/system/libsystem_notify.dylib
0x00007fff7a4c7000 	/usr/lib/system/libsystem_sandbox.dylib
0x00007fff7a4cb000 	/usr/lib/system/libsystem_secinit.dylib
0x00007fff7a367000 	/usr/lib/system/libsystem_kernel.dylib
0x00007fff7a4b3000 	/usr/lib/system/libsystem_platform.dylib
0x00007fff7a4bb000 	/usr/lib/system/libsystem_pthread.dylib
0x00007fff7a4cd000 	/usr/lib/system/libsystem_symptoms.dylib
0x00007fff7a4d5000 	/usr/lib/system/libsystem_trace.dylib
0x00007fff7a4ea000 	/usr/lib/system/libunwind.dylib
0x00007fff7a4f0000 	/usr/lib/system/libxpc.dylib
0x00007fff77b1c000 	/usr/lib/closure/libclosured.dylib
0x00007fff78243000 	/usr/lib/libbsm.0.dylib
0x00007fff7a251000 	/usr/lib/system/libkxld.dylib
0x00007fff77f00000 	/usr/lib/libOpenScriptingUtil.dylib
0x00007fff785b3000 	/usr/lib/libcoretls.dylib
0x00007fff785cc000 	/usr/lib/libcoretls_cfhelpers.dylib
0x00007fff79a30000 	/usr/lib/libpam.2.dylib
0x00007fff79b56000 	/usr/lib/libsqlite3.dylib
0x00007fff79ef8000 	/usr/lib/libxar.1.dylib
0x00007fff78254000 	/usr/lib/libbz2.1.0.dylib
0x00007fff79001000 	/usr/lib/liblzma.5.dylib
0x00007fff794e2000 	/usr/lib/libnetwork.dylib
0x00007fff780c3000 	/usr/lib/libapple_nghttp2.dylib
0x00007fff79a37000 	/usr/lib/libpcap.A.dylib
0x00007fff7818b000 	/usr/lib/libboringssl.dylib
0x00007fff79eba000 	/usr/lib/libusrtcp.dylib
0x00007fff780c2000 	/usr/lib/libapple_crypto.dylib
0x00007fff53d91000 	/System/Library/Frameworks/CoreServices.framework/Versions/A/Frameworks/FSEvents.framework/Versions/A/FSEvents
0x00007fff53a84000 	/System/Library/Frameworks/CoreServices.framework/Versions/A/Frameworks/CarbonCore.framework/Versions/A/CarbonCore
0x00007fff53f53000 	/System/Library/Frameworks/CoreServices.framework/Versions/A/Frameworks/Metadata.framework/Versions/A/Metadata
0x00007fff54003000 	/System/Library/Frameworks/CoreServices.framework/Versions/A/Frameworks/OSServices.framework/Versions/A/OSServices
0x00007fff54061000 	/System/Library/Frameworks/CoreServices.framework/Versions/A/Frameworks/SearchKit.framework/Versions/A/SearchKit
0x00007fff53a0f000 	/System/Library/Frameworks/CoreServices.framework/Versions/A/Frameworks/AE.framework/Versions/A/AE
0x00007fff53d9a000 	/System/Library/Frameworks/CoreServices.framework/Versions/A/Frameworks/LaunchServices.framework/Versions/A/LaunchServices
0x00007fff53d5c000 	/System/Library/Frameworks/CoreServices.framework/Versions/A/Frameworks/DictionaryServices.framework/Versions/A/DictionaryServices
0x00007fff540d0000 	/System/Library/Frameworks/CoreServices.framework/Versions/A/Frameworks/SharedFileList.framework/Versions/A/SharedFileList
0x00007fff58094000 	/System/Library/Frameworks/NetFS.framework/Versions/A/NetFS
0x00007fff6e24e000 	/System/Library/PrivateFrameworks/NetAuth.framework/Versions/A/NetAuth
0x00007fff779b6000 	/System/Library/PrivateFrameworks/login.framework/Versions/A/Frameworks/loginsupport.framework/Versions/A/loginsupport
0x00007fff75d48000 	/System/Library/PrivateFrameworks/TCC.framework/Versions/A/TCC
0x00007fff790e2000 	/usr/lib/libmecabra.dylib
0x00007fff50d85000 	/System/Library/Frameworks/ApplicationServices.framework/Versions/A/Frameworks/ATS.framework/Versions/A/ATS
0x00007fff51133000 	/System/Library/Frameworks/ApplicationServices.framework/Versions/A/Frameworks/ColorSyncLegacy.framework/Versions/A/ColorSyncLegacy
0x00007fff511d7000 	/System/Library/Frameworks/ApplicationServices.framework/Versions/A/Frameworks/HIServices.framework/Versions/A/HIServices
0x00007fff5122a000 	/System/Library/Frameworks/ApplicationServices.framework/Versions/A/Frameworks/LangAnalysis.framework/Versions/A/LangAnalysis
0x00007fff51239000 	/System/Library/Frameworks/ApplicationServices.framework/Versions/A/Frameworks/PrintCore.framework/Versions/A/PrintCore
0x00007fff51286000 	/System/Library/Frameworks/ApplicationServices.framework/Versions/A/Frameworks/QD.framework/Versions/A/QD
0x00007fff512c1000 	/System/Library/Frameworks/ApplicationServices.framework/Versions/A/Frameworks/SpeechSynthesis.framework/Versions/A/SpeechSynthesis
0x00007fff527e2000 	/System/Library/Frameworks/CoreDisplay.framework/Versions/A/CoreDisplay
0x00007fff4eeae000 	/System/Library/Frameworks/Accelerate.framework/Versions/A/Frameworks/vImage.framework/Versions/A/vImage
0x00007fff4fbe5000 	/System/Library/Frameworks/Accelerate.framework/Versions/A/Frameworks/vecLib.framework/Versions/A/vecLib
0x00007fff4f987000 	/System/Library/Frameworks/Accelerate.framework/Versions/A/Frameworks/vecLib.framework/Versions/A/libvDSP.dylib
0x00007fff4f508000 	/System/Library/Frameworks/Accelerate.framework/Versions/A/Frameworks/vecLib.framework/Versions/A/libBNNS.dylib
0x00007fff4f90e000 	/System/Library/Frameworks/Accelerate.framework/Versions/A/Frameworks/vecLib.framework/Versions/A/libQuadrature.dylib
0x00007fff4fb34000 	/System/Library/Frameworks/Accelerate.framework/Versions/A/Frameworks/vecLib.framework/Versions/A/libvMisc.dylib
0x00007fff4f537000 	/System/Library/Frameworks/Accelerate.framework/Versions/A/Frameworks/vecLib.framework/Versions/A/libLAPACK.dylib
0x00007fff4f3ad000 	/System/Library/Frameworks/Accelerate.framework/Versions/A/Frameworks/vecLib.framework/Versions/A/libBLAS.dylib
0x00007fff4f8f8000 	/System/Library/Frameworks/Accelerate.framework/Versions/A/Frameworks/vecLib.framework/Versions/A/libLinearAlgebra.dylib
0x00007fff4f914000 	/System/Library/Frameworks/Accelerate.framework/Versions/A/Frameworks/vecLib.framework/Versions/A/libSparse.dylib
0x00007fff4f973000 	/System/Library/Frameworks/Accelerate.framework/Versions/A/Frameworks/vecLib.framework/Versions/A/libSparseBLAS.dylib
0x00007fff6c90b000 	/System/Library/PrivateFrameworks/IOAccelerator.framework/Versions/A/IOAccelerator
0x00007fff6c916000 	/System/Library/PrivateFrameworks/IOPresentment.framework/Versions/A/IOPresentment
0x00007fff66aea000 	/System/Library/PrivateFrameworks/DSExternalDisplay.framework/Versions/A/DSExternalDisplay
0x00007fff5c089000 	/System/Library/Frameworks/OpenGL.framework/Versions/A/Libraries/libCoreFSCache.dylib
0x00007fff544ed000 	/System/Library/Frameworks/CoreVideo.framework/Versions/A/CoreVideo
0x00007fff6bf5e000 	/System/Library/PrivateFrameworks/GraphVisualizer.framework/Versions/A/GraphVisualizer
0x00007fff5708b000 	/System/Library/Frameworks/MetalPerformanceShaders.framework/Versions/A/MetalPerformanceShaders
0x00007fff77cfe000 	/usr/lib/libFosl_dynamic.dylib
0x00007fff67b1c000 	/System/Library/PrivateFrameworks/FaceCore.framework/Versions/A/FaceCore
0x00007fff5ae91000 	/System/Library/Frameworks/OpenCL.framework/Versions/A/OpenCL
0x00007fff782f0000 	/usr/lib/libcompression.dylib
0x00007fff50e84000 	/System/Library/Frameworks/ApplicationServices.framework/Versions/A/Frameworks/ATS.framework/Versions/A/Resources/libFontParser.dylib
0x00007fff50fa7000 	/System/Library/Frameworks/ApplicationServices.framework/Versions/A/Frameworks/ATS.framework/Versions/A/Resources/libFontRegistry.dylib
0x00007fff5542d000 	/System/Library/Frameworks/ImageIO.framework/Versions/A/Resources/libJPEG.dylib
0x00007fff55756000 	/System/Library/Frameworks/ImageIO.framework/Versions/A/Resources/libTIFF.dylib
0x00007fff5572c000 	/System/Library/Frameworks/ImageIO.framework/Versions/A/Resources/libPng.dylib
0x00007fff55340000 	/System/Library/Frameworks/ImageIO.framework/Versions/A/Resources/libGIF.dylib
0x00007fff55345000 	/System/Library/Frameworks/ImageIO.framework/Versions/A/Resources/libJP2.dylib
0x00007fff55753000 	/System/Library/Frameworks/ImageIO.framework/Versions/A/Resources/libRadiance.dylib
0x00007fff6270d000 	/System/Library/PrivateFrameworks/AppleJPEG.framework/Versions/A/AppleJPEG
0x00007fff6dd40000 	/System/Library/PrivateFrameworks/MetalTools.framework/Versions/A/MetalTools
0x00007fff56f64000 	/System/Library/Frameworks/MetalPerformanceShaders.framework/Frameworks/MPSCore.framework/Versions/A/MPSCore
0x00007fff56f7a000 	/System/Library/Frameworks/MetalPerformanceShaders.framework/Frameworks/MPSImage.framework/Versions/A/MPSImage
0x00007fff56fe6000 	/System/Library/Frameworks/MetalPerformanceShaders.framework/Frameworks/MPSMatrix.framework/Versions/A/MPSMatrix
0x00007fff5700a000 	/System/Library/Frameworks/MetalPerformanceShaders.framework/Frameworks/MPSNeuralNetwork.framework/Versions/A/MPSNeuralNetwork
0x00007fff5c251000 	/System/Library/Frameworks/OpenGL.framework/Versions/A/Libraries/libGLU.dylib
0x00007fff5c093000 	/System/Library/Frameworks/OpenGL.framework/Versions/A/Libraries/libGFXShared.dylib
0x00007fff5c09c000 	/System/Library/Frameworks/OpenGL.framework/Versions/A/Libraries/libGL.dylib
0x00007fff5c0a8000 	/System/Library/Frameworks/OpenGL.framework/Versions/A/Libraries/libGLImage.dylib
0x00007fff5c086000 	/System/Library/Frameworks/OpenGL.framework/Versions/A/Libraries/libCVMSPluginSupport.dylib
0x00007fff5c08e000 	/System/Library/Frameworks/OpenGL.framework/Versions/A/Libraries/libCoreVMClient.dylib
0x00007fff78a9d000 	/usr/lib/libcups.2.dylib
0x00007fff56532000 	/System/Library/Frameworks/Kerberos.framework/Versions/A/Kerberos
0x00007fff54e28000 	/System/Library/Frameworks/GSS.framework/Versions/A/GSS
0x00007fff79aea000 	/usr/lib/libresolv.9.dylib
0x00007fff78c99000 	/usr/lib/libiconv.2.dylib
0x00007fff6bfe5000 	/System/Library/PrivateFrameworks/Heimdal.framework/Versions/A/Heimdal
0x00007fff78c68000 	/usr/lib/libheimdal-asn1.dylib
0x00007fff5aefc000 	/System/Library/Frameworks/OpenDirectory.framework/Versions/A/OpenDirectory
0x00007fff649c2000 	/System/Library/PrivateFrameworks/CommonAuth.framework/Versions/A/CommonAuth
0x00007fff5aedf000 	/System/Library/Frameworks/OpenDirectory.framework/Versions/A/Frameworks/CFOpenDirectory.framework/Versions/A/CFOpenDirectory
0x00007fff5e7f6000 	/System/Library/Frameworks/SecurityFoundation.framework/Versions/A/SecurityFoundation
0x00007fff618fe000 	/System/Library/PrivateFrameworks/APFS.framework/Versions/A/APFS
0x00007fff79ef4000 	/usr/lib/libutil.dylib
0x00007fff62790000 	/System/Library/PrivateFrameworks/AppleSauce.framework/Versions/A/AppleSauce
0x00007fff6d0ed000 	/System/Library/PrivateFrameworks/LinguisticData.framework/Versions/A/LinguisticData
0x00007fff7901b000 	/usr/lib/libmarisa.dylib
0x00007fff6d0a7000 	/System/Library/PrivateFrameworks/Lexicon.framework/Versions/A/Lexicon
0x00007fff77c29000 	/usr/lib/libChineseTokenizer.dylib
0x00007fff782df000 	/usr/lib/libcmph.dylib
0x00007fff6cfb1000 	/System/Library/PrivateFrameworks/LanguageModeling.framework/Versions/A/LanguageModeling
0x00007fff653d8000 	/System/Library/PrivateFrameworks/CoreEmoji.framework/Versions/A/CoreEmoji
0x00007fff5e8b2000 	/System/Library/Frameworks/ServiceManagement.framework/Versions/A/ServiceManagement
0x00007fff62fa4000 	/System/Library/PrivateFrameworks/BackgroundTaskManagement.framework/Versions/A/BackgroundTaskManagement
0x00007fff79ff1000 	/usr/lib/libxslt.1.dylib
0x00007fff51f2c000 	/System/Library/Frameworks/Carbon.framework/Versions/A/Frameworks/Ink.framework/Versions/A/Ink
0x00007fff75f5c000 	/System/Library/PrivateFrameworks/TextureIO.framework/Versions/A/TextureIO
0x00007fff78105000 	/usr/lib/libate.dylib
0x00007fff66a4c000 	/System/Library/PrivateFrameworks/CrashReporterSupport.framework/Versions/A/CrashReporterSupport
0x00007fff733b1000 	/System/Library/PrivateFrameworks/Sharing.framework/Versions/A/Sharing
0x00007fff6ccf7000 	/System/Library/PrivateFrameworks/IconServices.framework/Versions/A/IconServices
0x00007fff71877000 	/System/Library/PrivateFrameworks/ProtocolBuffer.framework/Versions/A/ProtocolBuffer
0x00007fff62598000 	/System/Library/PrivateFrameworks/Apple80211.framework/Versions/A/Apple80211
0x00007fff54528000 	/System/Library/Frameworks/CoreWLAN.framework/Versions/A/CoreWLAN
0x00007fff66887000 	/System/Library/PrivateFrameworks/CoreUtils.framework/Versions/A/CoreUtils
0x00007fff54f6a000 	/System/Library/Frameworks/IOBluetooth.framework/Versions/A/IOBluetooth
0x00007fff669e7000 	/System/Library/PrivateFrameworks/CoreWiFi.framework/Versions/A/CoreWiFi
0x00007fff52463000 	/System/Library/Frameworks/CoreBluetooth.framework/Versions/A/CoreBluetooth
0x00007fff734eb000 	/System/Library/PrivateFrameworks/SignpostNotification.framework/Versions/A/SignpostNotification
0x00007fff66c38000 	/System/Library/PrivateFrameworks/DebugSymbols.framework/Versions/A/DebugSymbols
0x00007fff6663e000 	/System/Library/PrivateFrameworks/CoreSymbolication.framework/Versions/A/CoreSymbolication
0x00007fff757d3000 	/System/Library/PrivateFrameworks/Symbolication.framework/Versions/A/Symbolication
0x00007fff625c2000 	/System/Library/PrivateFrameworks/AppleFSCompression.framework/Versions/A/AppleFSCompression
0x00007fff74c34000 	/System/Library/PrivateFrameworks/SpeechRecognitionCore.framework/Versions/A/SpeechRecognitionCore
0x0000000101800000 	/Library/Java/JavaVirtualMachines/jdk-10.0.1.jdk/Contents/Home/lib/server/libjvm.dylib
0x00007fff79deb000 	/usr/lib/libstdc++.6.0.9.dylib
0x0000000100f69000 	/Library/Java/JavaVirtualMachines/jdk-10.0.1.jdk/Contents/Home/lib/libverify.dylib
0x0000000100f76000 	/Library/Java/JavaVirtualMachines/jdk-10.0.1.jdk/Contents/Home/lib/libjava.dylib
0x0000000100fad000 	/Library/Java/JavaVirtualMachines/jdk-10.0.1.jdk/Contents/Home/lib/libjdwp.dylib
0x00000001026a2000 	/Library/Java/JavaVirtualMachines/jdk-10.0.1.jdk/Contents/Home/lib/libinstrument.dylib
0x0000000100ff3000 	/Library/Java/JavaVirtualMachines/jdk-10.0.1.jdk/Contents/Home/lib/libzip.dylib
0x000000010272e000 	/Library/Java/JavaVirtualMachines/jdk-10.0.1.jdk/Contents/Home/lib/libjimage.dylib
0x000000010c2bd000 	/Library/Java/JavaVirtualMachines/jdk-10.0.1.jdk/Contents/Home/lib/libdt_socket.dylib
0x000000010c2c3000 	/Library/Java/JavaVirtualMachines/jdk-10.0.1.jdk/Contents/Home/lib/libnio.dylib
0x000000010c2d3000 	/Library/Java/JavaVirtualMachines/jdk-10.0.1.jdk/Contents/Home/lib/./libnet.dylib


VM Arguments:
jvm_args: -agentlib:jdwp=transport=dt_socket,address=127.0.0.1:51656,suspend=y,server=n -javaagent:/Users/jiayaohuang/Library/Caches/IdeaIC2018.1/captureAgent/debugger-agent.jar=file:/private/var/folders/5k/5wfvn6c97v30yndsk3krymlh0000gn/T/capture.props -Dfile.encoding=UTF-8 
java_command: hw2.Percolation
java_class_path (initial): /Users/jiayaohuang/Documents/cs61b-sp17/hw2/hw2/out/production/hw2:/Users/jiayaohuang/Documents/cs61b-sp17/algs4.jar:/Applications/IntelliJ IDEA CE.app/Contents/lib/idea_rt.jar
Launcher Type: SUN_STANDARD

Logging:
Log output configuration:
#0: stdout all=warning uptime,level,tags
#1: stderr all=off uptime,level,tags

Environment Variables:
PATH=/usr/local/bin:/usr/bin:/bin:/usr/sbin:/sbin:/Users/jiayaohuang/.fzf/bin
SHELL=/bin/zsh

Signal Handlers:
SIGSEGV: [libjvm.dylib+0x79ac14], sa_mask[0]=11111111011111110111111111111111, sa_flags=SA_ONSTACK|SA_RESTART|SA_SIGINFO
SIGBUS: [libjvm.dylib+0x79ac14], sa_mask[0]=11111111011111110111111111111111, sa_flags=SA_RESTART|SA_SIGINFO
SIGFPE: [libjvm.dylib+0x79ac14], sa_mask[0]=11111111011111110111111111111111, sa_flags=SA_RESTART|SA_SIGINFO
SIGPIPE: [libjvm.dylib+0x635960], sa_mask[0]=11111111011111110111111111111111, sa_flags=SA_RESTART|SA_SIGINFO
SIGXFSZ: [libjvm.dylib+0x635960], sa_mask[0]=11111111011111110111111111111111, sa_flags=SA_RESTART|SA_SIGINFO
SIGILL: [libjvm.dylib+0x79ac14], sa_mask[0]=11111111011111110111111111111111, sa_flags=SA_RESTART|SA_SIGINFO
SIGUSR2: [libjvm.dylib+0x6361f0], sa_mask[0]=00100000000000000000000000000000, sa_flags=SA_RESTART|SA_SIGINFO
SIGHUP: [libjvm.dylib+0x6349db], sa_mask[0]=11111111011111110111111111111111, sa_flags=SA_RESTART|SA_SIGINFO
SIGINT: [libjvm.dylib+0x6349db], sa_mask[0]=11111111011111110111111111111111, sa_flags=SA_RESTART|SA_SIGINFO
SIGTERM: [libjvm.dylib+0x6349db], sa_mask[0]=11111111011111110111111111111111, sa_flags=SA_RESTART|SA_SIGINFO
SIGQUIT: [libjvm.dylib+0x6349db], sa_mask[0]=11111111011111110111111111111111, sa_flags=SA_RESTART|SA_SIGINFO


---------------  S Y S T E M  ---------------

OS:uname:Darwin 17.3.0 Darwin Kernel Version 17.3.0: Thu Nov  9 18:09:22 PST 2017; root:xnu-4570.31.3~1/RELEASE_X86_64 x86_64
rlimit: STACK 8192k, CORE 0k, NPROC 709, NOFILE 10240, AS infinity, DATA infinity, FSIZE infinity
load average:5.69 5.37 3.94

CPU:total 4 (initial active 4) (2 cores per cpu, 2 threads per core) family 6 model 142 stepping 9, cmov, cx8, fxsr, mmx, sse, sse2, sse3, ssse3, sse4.1, sse4.2, popcnt, avx, avx2, aes, clmul, erms, 3dnowpref, lzcnt, ht, tsc, tscinvbit, bmi1, bmi2, adx, fma

Memory: 4k page, physical 8388608k(242092k free)

vm_info: Java HotSpot(TM) 64-Bit Server VM (10.0.1+10) for bsd-amd64 JRE (10.0.1+10), built on Mar 27 2018 01:13:17 by "mach5one" with gcc 4.2.1 Compatible Apple LLVM 6.1.0 (clang-602.0.49)

END.
